The system is: Linux - 6.8.0-1027-azure - x86_64
Compiling the CXX compiler identification source file "CMakeCXXCompilerId.cpp" succeeded.
Compiler: /usr/bin/c++ 
Build flags: 
Id flags:  

The output was:
0


Compilation of the CXX compiler identification source "CMakeCXXCompilerId.cpp" produced "a.out"

The CXX compiler identification is GNU, found in "/home/workspace/pony_compiler/src/build/CMakeFiles/3.16.3/CompilerIdCXX/a.out"

Compiling the C compiler identification source file "CMakeCCompilerId.c" succeeded.
Compiler: /usr/bin/cc 
Build flags: 
Id flags:  

The output was:
0


Compilation of the C compiler identification source "CMakeCCompilerId.c" produced "a.out"

The C compiler identification is GNU, found in "/home/workspace/pony_compiler/src/build/CMakeFiles/3.16.3/CompilerIdC/a.out"

Determining if the CXX compiler works passed with the following output:
Change Dir: /home/workspace/pony_compiler/src/build/CMakeFiles/CMakeTmp

Run Build Command(s):/usr/bin/make cmTC_b760d/fast && /usr/bin/make -f CMakeFiles/cmTC_b760d.dir/build.make CMakeFiles/cmTC_b760d.dir/build
make[1]: Entering directory '/home/workspace/pony_compiler/src/build/CMakeFiles/CMakeTmp'
Building CXX object CMakeFiles/cmTC_b760d.dir/testCXXCompiler.cxx.o
/usr/bin/c++     -o CMakeFiles/cmTC_b760d.dir/testCXXCompiler.cxx.o -c /home/workspace/pony_compiler/src/build/CMakeFiles/CMakeTmp/testCXXCompiler.cxx
Linking CXX executable cmTC_b760d
/usr/bin/cmake -E cmake_link_script CMakeFiles/cmTC_b760d.dir/link.txt --verbose=1
/usr/bin/c++       CMakeFiles/cmTC_b760d.dir/testCXXCompiler.cxx.o  -o cmTC_b760d 
make[1]: Leaving directory '/home/workspace/pony_compiler/src/build/CMakeFiles/CMakeTmp'



Detecting CXX compiler ABI info compiled with the following output:
Change Dir: /home/workspace/pony_compiler/src/build/CMakeFiles/CMakeTmp

Run Build Command(s):/usr/bin/make cmTC_84299/fast && /usr/bin/make -f CMakeFiles/cmTC_84299.dir/build.make CMakeFiles/cmTC_84299.dir/build
make[1]: Entering directory '/home/workspace/pony_compiler/src/build/CMakeFiles/CMakeTmp'
Building CXX object CMakeFiles/cmTC_84299.dir/CMakeCXXCompilerABI.cpp.o
/usr/bin/c++    -v -o CMakeFiles/cmTC_84299.dir/CMakeCXXCompilerABI.cpp.o -c /usr/share/cmake-3.16/Modules/CMakeCXXCompilerABI.cpp
Using built-in specs.
COLLECT_GCC=/usr/bin/c++
OFFLOAD_TARGET_NAMES=nvptx-none:hsa
OFFLOAD_TARGET_DEFAULT=1
Target: x86_64-linux-gnu
Configured with: ../src/configure -v --with-pkgversion='Ubuntu 9.4.0-1ubuntu1~20.04.2' --with-bugurl=file:///usr/share/doc/gcc-9/README.Bugs --enable-languages=c,ada,c++,go,brig,d,fortran,objc,obj-c++,gm2 --prefix=/usr --with-gcc-major-version-only --program-suffix=-9 --program-prefix=x86_64-linux-gnu- --enable-shared --enable-linker-build-id --libexecdir=/usr/lib --without-included-gettext --enable-threads=posix --libdir=/usr/lib --enable-nls --enable-clocale=gnu --enable-libstdcxx-debug --enable-libstdcxx-time=yes --with-default-libstdcxx-abi=new --enable-gnu-unique-object --disable-vtable-verify --enable-plugin --enable-default-pie --with-system-zlib --with-target-system-zlib=auto --enable-objc-gc=auto --enable-multiarch --disable-werror --with-arch-32=i686 --with-abi=m64 --with-multilib-list=m32,m64,mx32 --enable-multilib --with-tune=generic --enable-offload-targets=nvptx-none=/build/gcc-9-9QDOt0/gcc-9-9.4.0/debian/tmp-nvptx/usr,hsa --without-cuda-driver --enable-checking=release --build=x86_64-linux-gnu --host=x86_64-linux-gnu --target=x86_64-linux-gnu
Thread model: posix
gcc version 9.4.0 (Ubuntu 9.4.0-1ubuntu1~20.04.2) 
COLLECT_GCC_OPTIONS='-v' '-o' 'CMakeFiles/cmTC_84299.dir/CMakeCXXCompilerABI.cpp.o' '-c' '-shared-libgcc' '-mtune=generic' '-march=x86-64'
 /usr/lib/gcc/x86_64-linux-gnu/9/cc1plus -quiet -v -imultiarch x86_64-linux-gnu -D_GNU_SOURCE /usr/share/cmake-3.16/Modules/CMakeCXXCompilerABI.cpp -quiet -dumpbase CMakeCXXCompilerABI.cpp -mtune=generic -march=x86-64 -auxbase-strip CMakeFiles/cmTC_84299.dir/CMakeCXXCompilerABI.cpp.o -version -fasynchronous-unwind-tables -fstack-protector-strong -Wformat -Wformat-security -fstack-clash-protection -fcf-protection -o /tmp/ccZTY56M.s
GNU C++14 (Ubuntu 9.4.0-1ubuntu1~20.04.2) version 9.4.0 (x86_64-linux-gnu)
	compiled by GNU C version 9.4.0, GMP version 6.2.0, MPFR version 4.0.2, MPC version 1.1.0, isl version isl-0.22.1-GMP

GGC heuristics: --param ggc-min-expand=100 --param ggc-min-heapsize=131072
ignoring duplicate directory "/usr/include/x86_64-linux-gnu/c++/9"
ignoring nonexistent directory "/usr/local/include/x86_64-linux-gnu"
ignoring nonexistent directory "/usr/lib/gcc/x86_64-linux-gnu/9/include-fixed"
ignoring nonexistent directory "/usr/lib/gcc/x86_64-linux-gnu/9/../../../../x86_64-linux-gnu/include"
#include "..." search starts here:
#include <...> search starts here:
 /usr/include/c++/9
 /usr/include/x86_64-linux-gnu/c++/9
 /usr/include/c++/9/backward
 /usr/lib/gcc/x86_64-linux-gnu/9/include
 /usr/local/include
 /usr/include/x86_64-linux-gnu
 /usr/include
End of search list.
GNU C++14 (Ubuntu 9.4.0-1ubuntu1~20.04.2) version 9.4.0 (x86_64-linux-gnu)
	compiled by GNU C version 9.4.0, GMP version 6.2.0, MPFR version 4.0.2, MPC version 1.1.0, isl version isl-0.22.1-GMP

GGC heuristics: --param ggc-min-expand=100 --param ggc-min-heapsize=131072
Compiler executable checksum: 3d1eba838554fa2348dba760e4770469
COLLECT_GCC_OPTIONS='-v' '-o' 'CMakeFiles/cmTC_84299.dir/CMakeCXXCompilerABI.cpp.o' '-c' '-shared-libgcc' '-mtune=generic' '-march=x86-64'
 as -v --64 -o CMakeFiles/cmTC_84299.dir/CMakeCXXCompilerABI.cpp.o /tmp/ccZTY56M.s
GNU assembler version 2.34 (x86_64-linux-gnu) using BFD version (GNU Binutils for Ubuntu) 2.34
COMPILER_PATH=/usr/lib/gcc/x86_64-linux-gnu/9/:/usr/lib/gcc/x86_64-linux-gnu/9/:/usr/lib/gcc/x86_64-linux-gnu/:/usr/lib/gcc/x86_64-linux-gnu/9/:/usr/lib/gcc/x86_64-linux-gnu/
LIBRARY_PATH=/usr/lib/gcc/x86_64-linux-gnu/9/:/usr/lib/gcc/x86_64-linux-gnu/9/../../../x86_64-linux-gnu/:/usr/lib/gcc/x86_64-linux-gnu/9/../../../../lib/:/lib/x86_64-linux-gnu/:/lib/../lib/:/usr/lib/x86_64-linux-gnu/:/usr/lib/../lib/:/usr/lib/gcc/x86_64-linux-gnu/9/../../../:/lib/:/usr/lib/
COLLECT_GCC_OPTIONS='-v' '-o' 'CMakeFiles/cmTC_84299.dir/CMakeCXXCompilerABI.cpp.o' '-c' '-shared-libgcc' '-mtune=generic' '-march=x86-64'
Linking CXX executable cmTC_84299
/usr/bin/cmake -E cmake_link_script CMakeFiles/cmTC_84299.dir/link.txt --verbose=1
/usr/bin/c++      -v CMakeFiles/cmTC_84299.dir/CMakeCXXCompilerABI.cpp.o  -o cmTC_84299 
Using built-in specs.
COLLECT_GCC=/usr/bin/c++
COLLECT_LTO_WRAPPER=/usr/lib/gcc/x86_64-linux-gnu/9/lto-wrapper
OFFLOAD_TARGET_NAMES=nvptx-none:hsa
OFFLOAD_TARGET_DEFAULT=1
Target: x86_64-linux-gnu
Configured with: ../src/configure -v --with-pkgversion='Ubuntu 9.4.0-1ubuntu1~20.04.2' --with-bugurl=file:///usr/share/doc/gcc-9/README.Bugs --enable-languages=c,ada,c++,go,brig,d,fortran,objc,obj-c++,gm2 --prefix=/usr --with-gcc-major-version-only --program-suffix=-9 --program-prefix=x86_64-linux-gnu- --enable-shared --enable-linker-build-id --libexecdir=/usr/lib --without-included-gettext --enable-threads=posix --libdir=/usr/lib --enable-nls --enable-clocale=gnu --enable-libstdcxx-debug --enable-libstdcxx-time=yes --with-default-libstdcxx-abi=new --enable-gnu-unique-object --disable-vtable-verify --enable-plugin --enable-default-pie --with-system-zlib --with-target-system-zlib=auto --enable-objc-gc=auto --enable-multiarch --disable-werror --with-arch-32=i686 --with-abi=m64 --with-multilib-list=m32,m64,mx32 --enable-multilib --with-tune=generic --enable-offload-targets=nvptx-none=/build/gcc-9-9QDOt0/gcc-9-9.4.0/debian/tmp-nvptx/usr,hsa --without-cuda-driver --enable-checking=release --build=x86_64-linux-gnu --host=x86_64-linux-gnu --target=x86_64-linux-gnu
Thread model: posix
gcc version 9.4.0 (Ubuntu 9.4.0-1ubuntu1~20.04.2) 
COMPILER_PATH=/usr/lib/gcc/x86_64-linux-gnu/9/:/usr/lib/gcc/x86_64-linux-gnu/9/:/usr/lib/gcc/x86_64-linux-gnu/:/usr/lib/gcc/x86_64-linux-gnu/9/:/usr/lib/gcc/x86_64-linux-gnu/
LIBRARY_PATH=/usr/lib/gcc/x86_64-linux-gnu/9/:/usr/lib/gcc/x86_64-linux-gnu/9/../../../x86_64-linux-gnu/:/usr/lib/gcc/x86_64-linux-gnu/9/../../../../lib/:/lib/x86_64-linux-gnu/:/lib/../lib/:/usr/lib/x86_64-linux-gnu/:/usr/lib/../lib/:/usr/lib/gcc/x86_64-linux-gnu/9/../../../:/lib/:/usr/lib/
COLLECT_GCC_OPTIONS='-v' '-o' 'cmTC_84299' '-shared-libgcc' '-mtune=generic' '-march=x86-64'
 /usr/lib/gcc/x86_64-linux-gnu/9/collect2 -plugin /usr/lib/gcc/x86_64-linux-gnu/9/liblto_plugin.so -plugin-opt=/usr/lib/gcc/x86_64-linux-gnu/9/lto-wrapper -plugin-opt=-fresolution=/tmp/ccXgZBue.res -plugin-opt=-pass-through=-lgcc_s -plugin-opt=-pass-through=-lgcc -plugin-opt=-pass-through=-lc -plugin-opt=-pass-through=-lgcc_s -plugin-opt=-pass-through=-lgcc --build-id --eh-frame-hdr -m elf_x86_64 --hash-style=gnu --as-needed -dynamic-linker /lib64/ld-linux-x86-64.so.2 -pie -z now -z relro -o cmTC_84299 /usr/lib/gcc/x86_64-linux-gnu/9/../../../x86_64-linux-gnu/Scrt1.o /usr/lib/gcc/x86_64-linux-gnu/9/../../../x86_64-linux-gnu/crti.o /usr/lib/gcc/x86_64-linux-gnu/9/crtbeginS.o -L/usr/lib/gcc/x86_64-linux-gnu/9 -L/usr/lib/gcc/x86_64-linux-gnu/9/../../../x86_64-linux-gnu -L/usr/lib/gcc/x86_64-linux-gnu/9/../../../../lib -L/lib/x86_64-linux-gnu -L/lib/../lib -L/usr/lib/x86_64-linux-gnu -L/usr/lib/../lib -L/usr/lib/gcc/x86_64-linux-gnu/9/../../.. CMakeFiles/cmTC_84299.dir/CMakeCXXCompilerABI.cpp.o -lstdc++ -lm -lgcc_s -lgcc -lc -lgcc_s -lgcc /usr/lib/gcc/x86_64-linux-gnu/9/crtendS.o /usr/lib/gcc/x86_64-linux-gnu/9/../../../x86_64-linux-gnu/crtn.o
COLLECT_GCC_OPTIONS='-v' '-o' 'cmTC_84299' '-shared-libgcc' '-mtune=generic' '-march=x86-64'
make[1]: Leaving directory '/home/workspace/pony_compiler/src/build/CMakeFiles/CMakeTmp'



Parsed CXX implicit include dir info from above output: rv=done
  found start of include info
  found start of implicit include info
    add: [/usr/include/c++/9]
    add: [/usr/include/x86_64-linux-gnu/c++/9]
    add: [/usr/include/c++/9/backward]
    add: [/usr/lib/gcc/x86_64-linux-gnu/9/include]
    add: [/usr/local/include]
    add: [/usr/include/x86_64-linux-gnu]
    add: [/usr/include]
  end of search list found
  collapse include dir [/usr/include/c++/9] ==> [/usr/include/c++/9]
  collapse include dir [/usr/include/x86_64-linux-gnu/c++/9] ==> [/usr/include/x86_64-linux-gnu/c++/9]
  collapse include dir [/usr/include/c++/9/backward] ==> [/usr/include/c++/9/backward]
  collapse include dir [/usr/lib/gcc/x86_64-linux-gnu/9/include] ==> [/usr/lib/gcc/x86_64-linux-gnu/9/include]
  collapse include dir [/usr/local/include] ==> [/usr/local/include]
  collapse include dir [/usr/include/x86_64-linux-gnu] ==> [/usr/include/x86_64-linux-gnu]
  collapse include dir [/usr/include] ==> [/usr/include]
  implicit include dirs: [/usr/include/c++/9;/usr/include/x86_64-linux-gnu/c++/9;/usr/include/c++/9/backward;/usr/lib/gcc/x86_64-linux-gnu/9/include;/usr/local/include;/usr/include/x86_64-linux-gnu;/usr/include]


Parsed CXX implicit link information from above output:
  link line regex: [^( *|.*[/\])(ld|CMAKE_LINK_STARTFILE-NOTFOUND|([^/\]+-)?ld|collect2)[^/\]*( |$)]
  ignore line: [Change Dir: /home/workspace/pony_compiler/src/build/CMakeFiles/CMakeTmp]
  ignore line: []
  ignore line: [Run Build Command(s):/usr/bin/make cmTC_84299/fast && /usr/bin/make -f CMakeFiles/cmTC_84299.dir/build.make CMakeFiles/cmTC_84299.dir/build]
  ignore line: [make[1]: Entering directory '/home/workspace/pony_compiler/src/build/CMakeFiles/CMakeTmp']
  ignore line: [Building CXX object CMakeFiles/cmTC_84299.dir/CMakeCXXCompilerABI.cpp.o]
  ignore line: [/usr/bin/c++    -v -o CMakeFiles/cmTC_84299.dir/CMakeCXXCompilerABI.cpp.o -c /usr/share/cmake-3.16/Modules/CMakeCXXCompilerABI.cpp]
  ignore line: [Using built-in specs.]
  ignore line: [COLLECT_GCC=/usr/bin/c++]
  ignore line: [OFFLOAD_TARGET_NAMES=nvptx-none:hsa]
  ignore line: [OFFLOAD_TARGET_DEFAULT=1]
  ignore line: [Target: x86_64-linux-gnu]
  ignore line: [Configured with: ../src/configure -v --with-pkgversion='Ubuntu 9.4.0-1ubuntu1~20.04.2' --with-bugurl=file:///usr/share/doc/gcc-9/README.Bugs --enable-languages=c ada c++ go brig d fortran objc obj-c++ gm2 --prefix=/usr --with-gcc-major-version-only --program-suffix=-9 --program-prefix=x86_64-linux-gnu- --enable-shared --enable-linker-build-id --libexecdir=/usr/lib --without-included-gettext --enable-threads=posix --libdir=/usr/lib --enable-nls --enable-clocale=gnu --enable-libstdcxx-debug --enable-libstdcxx-time=yes --with-default-libstdcxx-abi=new --enable-gnu-unique-object --disable-vtable-verify --enable-plugin --enable-default-pie --with-system-zlib --with-target-system-zlib=auto --enable-objc-gc=auto --enable-multiarch --disable-werror --with-arch-32=i686 --with-abi=m64 --with-multilib-list=m32 m64 mx32 --enable-multilib --with-tune=generic --enable-offload-targets=nvptx-none=/build/gcc-9-9QDOt0/gcc-9-9.4.0/debian/tmp-nvptx/usr hsa --without-cuda-driver --enable-checking=release --build=x86_64-linux-gnu --host=x86_64-linux-gnu --target=x86_64-linux-gnu]
  ignore line: [Thread model: posix]
  ignore line: [gcc version 9.4.0 (Ubuntu 9.4.0-1ubuntu1~20.04.2) ]
  ignore line: [COLLECT_GCC_OPTIONS='-v' '-o' 'CMakeFiles/cmTC_84299.dir/CMakeCXXCompilerABI.cpp.o' '-c' '-shared-libgcc' '-mtune=generic' '-march=x86-64']
  ignore line: [ /usr/lib/gcc/x86_64-linux-gnu/9/cc1plus -quiet -v -imultiarch x86_64-linux-gnu -D_GNU_SOURCE /usr/share/cmake-3.16/Modules/CMakeCXXCompilerABI.cpp -quiet -dumpbase CMakeCXXCompilerABI.cpp -mtune=generic -march=x86-64 -auxbase-strip CMakeFiles/cmTC_84299.dir/CMakeCXXCompilerABI.cpp.o -version -fasynchronous-unwind-tables -fstack-protector-strong -Wformat -Wformat-security -fstack-clash-protection -fcf-protection -o /tmp/ccZTY56M.s]
  ignore line: [GNU C++14 (Ubuntu 9.4.0-1ubuntu1~20.04.2) version 9.4.0 (x86_64-linux-gnu)]
  ignore line: [	compiled by GNU C version 9.4.0  GMP version 6.2.0  MPFR version 4.0.2  MPC version 1.1.0  isl version isl-0.22.1-GMP]
  ignore line: []
  ignore line: [GGC heuristics: --param ggc-min-expand=100 --param ggc-min-heapsize=131072]
  ignore line: [ignoring duplicate directory "/usr/include/x86_64-linux-gnu/c++/9"]
  ignore line: [ignoring nonexistent directory "/usr/local/include/x86_64-linux-gnu"]
  ignore line: [ignoring nonexistent directory "/usr/lib/gcc/x86_64-linux-gnu/9/include-fixed"]
  ignore line: [ignoring nonexistent directory "/usr/lib/gcc/x86_64-linux-gnu/9/../../../../x86_64-linux-gnu/include"]
  ignore line: [#include "..." search starts here:]
  ignore line: [#include <...> search starts here:]
  ignore line: [ /usr/include/c++/9]
  ignore line: [ /usr/include/x86_64-linux-gnu/c++/9]
  ignore line: [ /usr/include/c++/9/backward]
  ignore line: [ /usr/lib/gcc/x86_64-linux-gnu/9/include]
  ignore line: [ /usr/local/include]
  ignore line: [ /usr/include/x86_64-linux-gnu]
  ignore line: [ /usr/include]
  ignore line: [End of search list.]
  ignore line: [GNU C++14 (Ubuntu 9.4.0-1ubuntu1~20.04.2) version 9.4.0 (x86_64-linux-gnu)]
  ignore line: [	compiled by GNU C version 9.4.0  GMP version 6.2.0  MPFR version 4.0.2  MPC version 1.1.0  isl version isl-0.22.1-GMP]
  ignore line: []
  ignore line: [GGC heuristics: --param ggc-min-expand=100 --param ggc-min-heapsize=131072]
  ignore line: [Compiler executable checksum: 3d1eba838554fa2348dba760e4770469]
  ignore line: [COLLECT_GCC_OPTIONS='-v' '-o' 'CMakeFiles/cmTC_84299.dir/CMakeCXXCompilerABI.cpp.o' '-c' '-shared-libgcc' '-mtune=generic' '-march=x86-64']
  ignore line: [ as -v --64 -o CMakeFiles/cmTC_84299.dir/CMakeCXXCompilerABI.cpp.o /tmp/ccZTY56M.s]
  ignore line: [GNU assembler version 2.34 (x86_64-linux-gnu) using BFD version (GNU Binutils for Ubuntu) 2.34]
  ignore line: [COMPILER_PATH=/usr/lib/gcc/x86_64-linux-gnu/9/:/usr/lib/gcc/x86_64-linux-gnu/9/:/usr/lib/gcc/x86_64-linux-gnu/:/usr/lib/gcc/x86_64-linux-gnu/9/:/usr/lib/gcc/x86_64-linux-gnu/]
  ignore line: [LIBRARY_PATH=/usr/lib/gcc/x86_64-linux-gnu/9/:/usr/lib/gcc/x86_64-linux-gnu/9/../../../x86_64-linux-gnu/:/usr/lib/gcc/x86_64-linux-gnu/9/../../../../lib/:/lib/x86_64-linux-gnu/:/lib/../lib/:/usr/lib/x86_64-linux-gnu/:/usr/lib/../lib/:/usr/lib/gcc/x86_64-linux-gnu/9/../../../:/lib/:/usr/lib/]
  ignore line: [COLLECT_GCC_OPTIONS='-v' '-o' 'CMakeFiles/cmTC_84299.dir/CMakeCXXCompilerABI.cpp.o' '-c' '-shared-libgcc' '-mtune=generic' '-march=x86-64']
  ignore line: [Linking CXX executable cmTC_84299]
  ignore line: [/usr/bin/cmake -E cmake_link_script CMakeFiles/cmTC_84299.dir/link.txt --verbose=1]
  ignore line: [/usr/bin/c++      -v CMakeFiles/cmTC_84299.dir/CMakeCXXCompilerABI.cpp.o  -o cmTC_84299 ]
  ignore line: [Using built-in specs.]
  ignore line: [COLLECT_GCC=/usr/bin/c++]
  ignore line: [COLLECT_LTO_WRAPPER=/usr/lib/gcc/x86_64-linux-gnu/9/lto-wrapper]
  ignore line: [OFFLOAD_TARGET_NAMES=nvptx-none:hsa]
  ignore line: [OFFLOAD_TARGET_DEFAULT=1]
  ignore line: [Target: x86_64-linux-gnu]
  ignore line: [Configured with: ../src/configure -v --with-pkgversion='Ubuntu 9.4.0-1ubuntu1~20.04.2' --with-bugurl=file:///usr/share/doc/gcc-9/README.Bugs --enable-languages=c ada c++ go brig d fortran objc obj-c++ gm2 --prefix=/usr --with-gcc-major-version-only --program-suffix=-9 --program-prefix=x86_64-linux-gnu- --enable-shared --enable-linker-build-id --libexecdir=/usr/lib --without-included-gettext --enable-threads=posix --libdir=/usr/lib --enable-nls --enable-clocale=gnu --enable-libstdcxx-debug --enable-libstdcxx-time=yes --with-default-libstdcxx-abi=new --enable-gnu-unique-object --disable-vtable-verify --enable-plugin --enable-default-pie --with-system-zlib --with-target-system-zlib=auto --enable-objc-gc=auto --enable-multiarch --disable-werror --with-arch-32=i686 --with-abi=m64 --with-multilib-list=m32 m64 mx32 --enable-multilib --with-tune=generic --enable-offload-targets=nvptx-none=/build/gcc-9-9QDOt0/gcc-9-9.4.0/debian/tmp-nvptx/usr hsa --without-cuda-driver --enable-checking=release --build=x86_64-linux-gnu --host=x86_64-linux-gnu --target=x86_64-linux-gnu]
  ignore line: [Thread model: posix]
  ignore line: [gcc version 9.4.0 (Ubuntu 9.4.0-1ubuntu1~20.04.2) ]
  ignore line: [COMPILER_PATH=/usr/lib/gcc/x86_64-linux-gnu/9/:/usr/lib/gcc/x86_64-linux-gnu/9/:/usr/lib/gcc/x86_64-linux-gnu/:/usr/lib/gcc/x86_64-linux-gnu/9/:/usr/lib/gcc/x86_64-linux-gnu/]
  ignore line: [LIBRARY_PATH=/usr/lib/gcc/x86_64-linux-gnu/9/:/usr/lib/gcc/x86_64-linux-gnu/9/../../../x86_64-linux-gnu/:/usr/lib/gcc/x86_64-linux-gnu/9/../../../../lib/:/lib/x86_64-linux-gnu/:/lib/../lib/:/usr/lib/x86_64-linux-gnu/:/usr/lib/../lib/:/usr/lib/gcc/x86_64-linux-gnu/9/../../../:/lib/:/usr/lib/]
  ignore line: [COLLECT_GCC_OPTIONS='-v' '-o' 'cmTC_84299' '-shared-libgcc' '-mtune=generic' '-march=x86-64']
  link line: [ /usr/lib/gcc/x86_64-linux-gnu/9/collect2 -plugin /usr/lib/gcc/x86_64-linux-gnu/9/liblto_plugin.so -plugin-opt=/usr/lib/gcc/x86_64-linux-gnu/9/lto-wrapper -plugin-opt=-fresolution=/tmp/ccXgZBue.res -plugin-opt=-pass-through=-lgcc_s -plugin-opt=-pass-through=-lgcc -plugin-opt=-pass-through=-lc -plugin-opt=-pass-through=-lgcc_s -plugin-opt=-pass-through=-lgcc --build-id --eh-frame-hdr -m elf_x86_64 --hash-style=gnu --as-needed -dynamic-linker /lib64/ld-linux-x86-64.so.2 -pie -z now -z relro -o cmTC_84299 /usr/lib/gcc/x86_64-linux-gnu/9/../../../x86_64-linux-gnu/Scrt1.o /usr/lib/gcc/x86_64-linux-gnu/9/../../../x86_64-linux-gnu/crti.o /usr/lib/gcc/x86_64-linux-gnu/9/crtbeginS.o -L/usr/lib/gcc/x86_64-linux-gnu/9 -L/usr/lib/gcc/x86_64-linux-gnu/9/../../../x86_64-linux-gnu -L/usr/lib/gcc/x86_64-linux-gnu/9/../../../../lib -L/lib/x86_64-linux-gnu -L/lib/../lib -L/usr/lib/x86_64-linux-gnu -L/usr/lib/../lib -L/usr/lib/gcc/x86_64-linux-gnu/9/../../.. CMakeFiles/cmTC_84299.dir/CMakeCXXCompilerABI.cpp.o -lstdc++ -lm -lgcc_s -lgcc -lc -lgcc_s -lgcc /usr/lib/gcc/x86_64-linux-gnu/9/crtendS.o /usr/lib/gcc/x86_64-linux-gnu/9/../../../x86_64-linux-gnu/crtn.o]
    arg [/usr/lib/gcc/x86_64-linux-gnu/9/collect2] ==> ignore
    arg [-plugin] ==> ignore
    arg [/usr/lib/gcc/x86_64-linux-gnu/9/liblto_plugin.so] ==> ignore
    arg [-plugin-opt=/usr/lib/gcc/x86_64-linux-gnu/9/lto-wrapper] ==> ignore
    arg [-plugin-opt=-fresolution=/tmp/ccXgZBue.res] ==> ignore
    arg [-plugin-opt=-pass-through=-lgcc_s] ==> ignore
    arg [-plugin-opt=-pass-through=-lgcc] ==> ignore
    arg [-plugin-opt=-pass-through=-lc] ==> ignore
    arg [-plugin-opt=-pass-through=-lgcc_s] ==> ignore
    arg [-plugin-opt=-pass-through=-lgcc] ==> ignore
    arg [--build-id] ==> ignore
    arg [--eh-frame-hdr] ==> ignore
    arg [-m] ==> ignore
    arg [elf_x86_64] ==> ignore
    arg [--hash-style=gnu] ==> ignore
    arg [--as-needed] ==> ignore
    arg [-dynamic-linker] ==> ignore
    arg [/lib64/ld-linux-x86-64.so.2] ==> ignore
    arg [-pie] ==> ignore
    arg [-znow] ==> ignore
    arg [-zrelro] ==> ignore
    arg [-o] ==> ignore
    arg [cmTC_84299] ==> ignore
    arg [/usr/lib/gcc/x86_64-linux-gnu/9/../../../x86_64-linux-gnu/Scrt1.o] ==> ignore
    arg [/usr/lib/gcc/x86_64-linux-gnu/9/../../../x86_64-linux-gnu/crti.o] ==> ignore
    arg [/usr/lib/gcc/x86_64-linux-gnu/9/crtbeginS.o] ==> ignore
    arg [-L/usr/lib/gcc/x86_64-linux-gnu/9] ==> dir [/usr/lib/gcc/x86_64-linux-gnu/9]
    arg [-L/usr/lib/gcc/x86_64-linux-gnu/9/../../../x86_64-linux-gnu] ==> dir [/usr/lib/gcc/x86_64-linux-gnu/9/../../../x86_64-linux-gnu]
    arg [-L/usr/lib/gcc/x86_64-linux-gnu/9/../../../../lib] ==> dir [/usr/lib/gcc/x86_64-linux-gnu/9/../../../../lib]
    arg [-L/lib/x86_64-linux-gnu] ==> dir [/lib/x86_64-linux-gnu]
    arg [-L/lib/../lib] ==> dir [/lib/../lib]
    arg [-L/usr/lib/x86_64-linux-gnu] ==> dir [/usr/lib/x86_64-linux-gnu]
    arg [-L/usr/lib/../lib] ==> dir [/usr/lib/../lib]
    arg [-L/usr/lib/gcc/x86_64-linux-gnu/9/../../..] ==> dir [/usr/lib/gcc/x86_64-linux-gnu/9/../../..]
    arg [CMakeFiles/cmTC_84299.dir/CMakeCXXCompilerABI.cpp.o] ==> ignore
    arg [-lstdc++] ==> lib [stdc++]
    arg [-lm] ==> lib [m]
    arg [-lgcc_s] ==> lib [gcc_s]
    arg [-lgcc] ==> lib [gcc]
    arg [-lc] ==> lib [c]
    arg [-lgcc_s] ==> lib [gcc_s]
    arg [-lgcc] ==> lib [gcc]
    arg [/usr/lib/gcc/x86_64-linux-gnu/9/crtendS.o] ==> ignore
    arg [/usr/lib/gcc/x86_64-linux-gnu/9/../../../x86_64-linux-gnu/crtn.o] ==> ignore
  collapse library dir [/usr/lib/gcc/x86_64-linux-gnu/9] ==> [/usr/lib/gcc/x86_64-linux-gnu/9]
  collapse library dir [/usr/lib/gcc/x86_64-linux-gnu/9/../../../x86_64-linux-gnu] ==> [/usr/lib/x86_64-linux-gnu]
  collapse library dir [/usr/lib/gcc/x86_64-linux-gnu/9/../../../../lib] ==> [/usr/lib]
  collapse library dir [/lib/x86_64-linux-gnu] ==> [/lib/x86_64-linux-gnu]
  collapse library dir [/lib/../lib] ==> [/lib]
  collapse library dir [/usr/lib/x86_64-linux-gnu] ==> [/usr/lib/x86_64-linux-gnu]
  collapse library dir [/usr/lib/../lib] ==> [/usr/lib]
  collapse library dir [/usr/lib/gcc/x86_64-linux-gnu/9/../../..] ==> [/usr/lib]
  implicit libs: [stdc++;m;gcc_s;gcc;c;gcc_s;gcc]
  implicit dirs: [/usr/lib/gcc/x86_64-linux-gnu/9;/usr/lib/x86_64-linux-gnu;/usr/lib;/lib/x86_64-linux-gnu;/lib]
  implicit fwks: []


Determining if the C compiler works passed with the following output:
Change Dir: /home/workspace/pony_compiler/src/build/CMakeFiles/CMakeTmp

Run Build Command(s):/usr/bin/make cmTC_b1e7e/fast && /usr/bin/make -f CMakeFiles/cmTC_b1e7e.dir/build.make CMakeFiles/cmTC_b1e7e.dir/build
make[1]: Entering directory '/home/workspace/pony_compiler/src/build/CMakeFiles/CMakeTmp'
Building C object CMakeFiles/cmTC_b1e7e.dir/testCCompiler.c.o
/usr/bin/cc    -o CMakeFiles/cmTC_b1e7e.dir/testCCompiler.c.o   -c /home/workspace/pony_compiler/src/build/CMakeFiles/CMakeTmp/testCCompiler.c
Linking C executable cmTC_b1e7e
/usr/bin/cmake -E cmake_link_script CMakeFiles/cmTC_b1e7e.dir/link.txt --verbose=1
/usr/bin/cc      CMakeFiles/cmTC_b1e7e.dir/testCCompiler.c.o  -o cmTC_b1e7e 
make[1]: Leaving directory '/home/workspace/pony_compiler/src/build/CMakeFiles/CMakeTmp'



Detecting C compiler ABI info compiled with the following output:
Change Dir: /home/workspace/pony_compiler/src/build/CMakeFiles/CMakeTmp

Run Build Command(s):/usr/bin/make cmTC_7bb5b/fast && /usr/bin/make -f CMakeFiles/cmTC_7bb5b.dir/build.make CMakeFiles/cmTC_7bb5b.dir/build
make[1]: Entering directory '/home/workspace/pony_compiler/src/build/CMakeFiles/CMakeTmp'
Building C object CMakeFiles/cmTC_7bb5b.dir/CMakeCCompilerABI.c.o
/usr/bin/cc   -v -o CMakeFiles/cmTC_7bb5b.dir/CMakeCCompilerABI.c.o   -c /usr/share/cmake-3.16/Modules/CMakeCCompilerABI.c
Using built-in specs.
COLLECT_GCC=/usr/bin/cc
OFFLOAD_TARGET_NAMES=nvptx-none:hsa
OFFLOAD_TARGET_DEFAULT=1
Target: x86_64-linux-gnu
Configured with: ../src/configure -v --with-pkgversion='Ubuntu 9.4.0-1ubuntu1~20.04.2' --with-bugurl=file:///usr/share/doc/gcc-9/README.Bugs --enable-languages=c,ada,c++,go,brig,d,fortran,objc,obj-c++,gm2 --prefix=/usr --with-gcc-major-version-only --program-suffix=-9 --program-prefix=x86_64-linux-gnu- --enable-shared --enable-linker-build-id --libexecdir=/usr/lib --without-included-gettext --enable-threads=posix --libdir=/usr/lib --enable-nls --enable-clocale=gnu --enable-libstdcxx-debug --enable-libstdcxx-time=yes --with-default-libstdcxx-abi=new --enable-gnu-unique-object --disable-vtable-verify --enable-plugin --enable-default-pie --with-system-zlib --with-target-system-zlib=auto --enable-objc-gc=auto --enable-multiarch --disable-werror --with-arch-32=i686 --with-abi=m64 --with-multilib-list=m32,m64,mx32 --enable-multilib --with-tune=generic --enable-offload-targets=nvptx-none=/build/gcc-9-9QDOt0/gcc-9-9.4.0/debian/tmp-nvptx/usr,hsa --without-cuda-driver --enable-checking=release --build=x86_64-linux-gnu --host=x86_64-linux-gnu --target=x86_64-linux-gnu
Thread model: posix
gcc version 9.4.0 (Ubuntu 9.4.0-1ubuntu1~20.04.2) 
COLLECT_GCC_OPTIONS='-v' '-o' 'CMakeFiles/cmTC_7bb5b.dir/CMakeCCompilerABI.c.o' '-c' '-mtune=generic' '-march=x86-64'
 /usr/lib/gcc/x86_64-linux-gnu/9/cc1 -quiet -v -imultiarch x86_64-linux-gnu /usr/share/cmake-3.16/Modules/CMakeCCompilerABI.c -quiet -dumpbase CMakeCCompilerABI.c -mtune=generic -march=x86-64 -auxbase-strip CMakeFiles/cmTC_7bb5b.dir/CMakeCCompilerABI.c.o -version -fasynchronous-unwind-tables -fstack-protector-strong -Wformat -Wformat-security -fstack-clash-protection -fcf-protection -o /tmp/ccTT6fHK.s
GNU C17 (Ubuntu 9.4.0-1ubuntu1~20.04.2) version 9.4.0 (x86_64-linux-gnu)
	compiled by GNU C version 9.4.0, GMP version 6.2.0, MPFR version 4.0.2, MPC version 1.1.0, isl version isl-0.22.1-GMP

GGC heuristics: --param ggc-min-expand=100 --param ggc-min-heapsize=131072
ignoring nonexistent directory "/usr/local/include/x86_64-linux-gnu"
ignoring nonexistent directory "/usr/lib/gcc/x86_64-linux-gnu/9/include-fixed"
ignoring nonexistent directory "/usr/lib/gcc/x86_64-linux-gnu/9/../../../../x86_64-linux-gnu/include"
#include "..." search starts here:
#include <...> search starts here:
 /usr/lib/gcc/x86_64-linux-gnu/9/include
 /usr/local/include
 /usr/include/x86_64-linux-gnu
 /usr/include
End of search list.
GNU C17 (Ubuntu 9.4.0-1ubuntu1~20.04.2) version 9.4.0 (x86_64-linux-gnu)
	compiled by GNU C version 9.4.0, GMP version 6.2.0, MPFR version 4.0.2, MPC version 1.1.0, isl version isl-0.22.1-GMP

GGC heuristics: --param ggc-min-expand=100 --param ggc-min-heapsize=131072
Compiler executable checksum: 01da938ff5dc2163489aa33cb3b747a7
COLLECT_GCC_OPTIONS='-v' '-o' 'CMakeFiles/cmTC_7bb5b.dir/CMakeCCompilerABI.c.o' '-c' '-mtune=generic' '-march=x86-64'
 as -v --64 -o CMakeFiles/cmTC_7bb5b.dir/CMakeCCompilerABI.c.o /tmp/ccTT6fHK.s
GNU assembler version 2.34 (x86_64-linux-gnu) using BFD version (GNU Binutils for Ubuntu) 2.34
COMPILER_PATH=/usr/lib/gcc/x86_64-linux-gnu/9/:/usr/lib/gcc/x86_64-linux-gnu/9/:/usr/lib/gcc/x86_64-linux-gnu/:/usr/lib/gcc/x86_64-linux-gnu/9/:/usr/lib/gcc/x86_64-linux-gnu/
LIBRARY_PATH=/usr/lib/gcc/x86_64-linux-gnu/9/:/usr/lib/gcc/x86_64-linux-gnu/9/../../../x86_64-linux-gnu/:/usr/lib/gcc/x86_64-linux-gnu/9/../../../../lib/:/lib/x86_64-linux-gnu/:/lib/../lib/:/usr/lib/x86_64-linux-gnu/:/usr/lib/../lib/:/usr/lib/gcc/x86_64-linux-gnu/9/../../../:/lib/:/usr/lib/
COLLECT_GCC_OPTIONS='-v' '-o' 'CMakeFiles/cmTC_7bb5b.dir/CMakeCCompilerABI.c.o' '-c' '-mtune=generic' '-march=x86-64'
Linking C executable cmTC_7bb5b
/usr/bin/cmake -E cmake_link_script CMakeFiles/cmTC_7bb5b.dir/link.txt --verbose=1
/usr/bin/cc     -v CMakeFiles/cmTC_7bb5b.dir/CMakeCCompilerABI.c.o  -o cmTC_7bb5b 
Using built-in specs.
COLLECT_GCC=/usr/bin/cc
COLLECT_LTO_WRAPPER=/usr/lib/gcc/x86_64-linux-gnu/9/lto-wrapper
OFFLOAD_TARGET_NAMES=nvptx-none:hsa
OFFLOAD_TARGET_DEFAULT=1
Target: x86_64-linux-gnu
Configured with: ../src/configure -v --with-pkgversion='Ubuntu 9.4.0-1ubuntu1~20.04.2' --with-bugurl=file:///usr/share/doc/gcc-9/README.Bugs --enable-languages=c,ada,c++,go,brig,d,fortran,objc,obj-c++,gm2 --prefix=/usr --with-gcc-major-version-only --program-suffix=-9 --program-prefix=x86_64-linux-gnu- --enable-shared --enable-linker-build-id --libexecdir=/usr/lib --without-included-gettext --enable-threads=posix --libdir=/usr/lib --enable-nls --enable-clocale=gnu --enable-libstdcxx-debug --enable-libstdcxx-time=yes --with-default-libstdcxx-abi=new --enable-gnu-unique-object --disable-vtable-verify --enable-plugin --enable-default-pie --with-system-zlib --with-target-system-zlib=auto --enable-objc-gc=auto --enable-multiarch --disable-werror --with-arch-32=i686 --with-abi=m64 --with-multilib-list=m32,m64,mx32 --enable-multilib --with-tune=generic --enable-offload-targets=nvptx-none=/build/gcc-9-9QDOt0/gcc-9-9.4.0/debian/tmp-nvptx/usr,hsa --without-cuda-driver --enable-checking=release --build=x86_64-linux-gnu --host=x86_64-linux-gnu --target=x86_64-linux-gnu
Thread model: posix
gcc version 9.4.0 (Ubuntu 9.4.0-1ubuntu1~20.04.2) 
COMPILER_PATH=/usr/lib/gcc/x86_64-linux-gnu/9/:/usr/lib/gcc/x86_64-linux-gnu/9/:/usr/lib/gcc/x86_64-linux-gnu/:/usr/lib/gcc/x86_64-linux-gnu/9/:/usr/lib/gcc/x86_64-linux-gnu/
LIBRARY_PATH=/usr/lib/gcc/x86_64-linux-gnu/9/:/usr/lib/gcc/x86_64-linux-gnu/9/../../../x86_64-linux-gnu/:/usr/lib/gcc/x86_64-linux-gnu/9/../../../../lib/:/lib/x86_64-linux-gnu/:/lib/../lib/:/usr/lib/x86_64-linux-gnu/:/usr/lib/../lib/:/usr/lib/gcc/x86_64-linux-gnu/9/../../../:/lib/:/usr/lib/
COLLECT_GCC_OPTIONS='-v' '-o' 'cmTC_7bb5b' '-mtune=generic' '-march=x86-64'
 /usr/lib/gcc/x86_64-linux-gnu/9/collect2 -plugin /usr/lib/gcc/x86_64-linux-gnu/9/liblto_plugin.so -plugin-opt=/usr/lib/gcc/x86_64-linux-gnu/9/lto-wrapper -plugin-opt=-fresolution=/tmp/ccfqUEJ8.res -plugin-opt=-pass-through=-lgcc -plugin-opt=-pass-through=-lgcc_s -plugin-opt=-pass-through=-lc -plugin-opt=-pass-through=-lgcc -plugin-opt=-pass-through=-lgcc_s --build-id --eh-frame-hdr -m elf_x86_64 --hash-style=gnu --as-needed -dynamic-linker /lib64/ld-linux-x86-64.so.2 -pie -z now -z relro -o cmTC_7bb5b /usr/lib/gcc/x86_64-linux-gnu/9/../../../x86_64-linux-gnu/Scrt1.o /usr/lib/gcc/x86_64-linux-gnu/9/../../../x86_64-linux-gnu/crti.o /usr/lib/gcc/x86_64-linux-gnu/9/crtbeginS.o -L/usr/lib/gcc/x86_64-linux-gnu/9 -L/usr/lib/gcc/x86_64-linux-gnu/9/../../../x86_64-linux-gnu -L/usr/lib/gcc/x86_64-linux-gnu/9/../../../../lib -L/lib/x86_64-linux-gnu -L/lib/../lib -L/usr/lib/x86_64-linux-gnu -L/usr/lib/../lib -L/usr/lib/gcc/x86_64-linux-gnu/9/../../.. CMakeFiles/cmTC_7bb5b.dir/CMakeCCompilerABI.c.o -lgcc --push-state --as-needed -lgcc_s --pop-state -lc -lgcc --push-state --as-needed -lgcc_s --pop-state /usr/lib/gcc/x86_64-linux-gnu/9/crtendS.o /usr/lib/gcc/x86_64-linux-gnu/9/../../../x86_64-linux-gnu/crtn.o
COLLECT_GCC_OPTIONS='-v' '-o' 'cmTC_7bb5b' '-mtune=generic' '-march=x86-64'
make[1]: Leaving directory '/home/workspace/pony_compiler/src/build/CMakeFiles/CMakeTmp'



Parsed C implicit include dir info from above output: rv=done
  found start of include info
  found start of implicit include info
    add: [/usr/lib/gcc/x86_64-linux-gnu/9/include]
    add: [/usr/local/include]
    add: [/usr/include/x86_64-linux-gnu]
    add: [/usr/include]
  end of search list found
  collapse include dir [/usr/lib/gcc/x86_64-linux-gnu/9/include] ==> [/usr/lib/gcc/x86_64-linux-gnu/9/include]
  collapse include dir [/usr/local/include] ==> [/usr/local/include]
  collapse include dir [/usr/include/x86_64-linux-gnu] ==> [/usr/include/x86_64-linux-gnu]
  collapse include dir [/usr/include] ==> [/usr/include]
  implicit include dirs: [/usr/lib/gcc/x86_64-linux-gnu/9/include;/usr/local/include;/usr/include/x86_64-linux-gnu;/usr/include]


Parsed C implicit link information from above output:
  link line regex: [^( *|.*[/\])(ld|CMAKE_LINK_STARTFILE-NOTFOUND|([^/\]+-)?ld|collect2)[^/\]*( |$)]
  ignore line: [Change Dir: /home/workspace/pony_compiler/src/build/CMakeFiles/CMakeTmp]
  ignore line: []
  ignore line: [Run Build Command(s):/usr/bin/make cmTC_7bb5b/fast && /usr/bin/make -f CMakeFiles/cmTC_7bb5b.dir/build.make CMakeFiles/cmTC_7bb5b.dir/build]
  ignore line: [make[1]: Entering directory '/home/workspace/pony_compiler/src/build/CMakeFiles/CMakeTmp']
  ignore line: [Building C object CMakeFiles/cmTC_7bb5b.dir/CMakeCCompilerABI.c.o]
  ignore line: [/usr/bin/cc   -v -o CMakeFiles/cmTC_7bb5b.dir/CMakeCCompilerABI.c.o   -c /usr/share/cmake-3.16/Modules/CMakeCCompilerABI.c]
  ignore line: [Using built-in specs.]
  ignore line: [COLLECT_GCC=/usr/bin/cc]
  ignore line: [OFFLOAD_TARGET_NAMES=nvptx-none:hsa]
  ignore line: [OFFLOAD_TARGET_DEFAULT=1]
  ignore line: [Target: x86_64-linux-gnu]
  ignore line: [Configured with: ../src/configure -v --with-pkgversion='Ubuntu 9.4.0-1ubuntu1~20.04.2' --with-bugurl=file:///usr/share/doc/gcc-9/README.Bugs --enable-languages=c ada c++ go brig d fortran objc obj-c++ gm2 --prefix=/usr --with-gcc-major-version-only --program-suffix=-9 --program-prefix=x86_64-linux-gnu- --enable-shared --enable-linker-build-id --libexecdir=/usr/lib --without-included-gettext --enable-threads=posix --libdir=/usr/lib --enable-nls --enable-clocale=gnu --enable-libstdcxx-debug --enable-libstdcxx-time=yes --with-default-libstdcxx-abi=new --enable-gnu-unique-object --disable-vtable-verify --enable-plugin --enable-default-pie --with-system-zlib --with-target-system-zlib=auto --enable-objc-gc=auto --enable-multiarch --disable-werror --with-arch-32=i686 --with-abi=m64 --with-multilib-list=m32 m64 mx32 --enable-multilib --with-tune=generic --enable-offload-targets=nvptx-none=/build/gcc-9-9QDOt0/gcc-9-9.4.0/debian/tmp-nvptx/usr hsa --without-cuda-driver --enable-checking=release --build=x86_64-linux-gnu --host=x86_64-linux-gnu --target=x86_64-linux-gnu]
  ignore line: [Thread model: posix]
  ignore line: [gcc version 9.4.0 (Ubuntu 9.4.0-1ubuntu1~20.04.2) ]
  ignore line: [COLLECT_GCC_OPTIONS='-v' '-o' 'CMakeFiles/cmTC_7bb5b.dir/CMakeCCompilerABI.c.o' '-c' '-mtune=generic' '-march=x86-64']
  ignore line: [ /usr/lib/gcc/x86_64-linux-gnu/9/cc1 -quiet -v -imultiarch x86_64-linux-gnu /usr/share/cmake-3.16/Modules/CMakeCCompilerABI.c -quiet -dumpbase CMakeCCompilerABI.c -mtune=generic -march=x86-64 -auxbase-strip CMakeFiles/cmTC_7bb5b.dir/CMakeCCompilerABI.c.o -version -fasynchronous-unwind-tables -fstack-protector-strong -Wformat -Wformat-security -fstack-clash-protection -fcf-protection -o /tmp/ccTT6fHK.s]
  ignore line: [GNU C17 (Ubuntu 9.4.0-1ubuntu1~20.04.2) version 9.4.0 (x86_64-linux-gnu)]
  ignore line: [	compiled by GNU C version 9.4.0  GMP version 6.2.0  MPFR version 4.0.2  MPC version 1.1.0  isl version isl-0.22.1-GMP]
  ignore line: []
  ignore line: [GGC heuristics: --param ggc-min-expand=100 --param ggc-min-heapsize=131072]
  ignore line: [ignoring nonexistent directory "/usr/local/include/x86_64-linux-gnu"]
  ignore line: [ignoring nonexistent directory "/usr/lib/gcc/x86_64-linux-gnu/9/include-fixed"]
  ignore line: [ignoring nonexistent directory "/usr/lib/gcc/x86_64-linux-gnu/9/../../../../x86_64-linux-gnu/include"]
  ignore line: [#include "..." search starts here:]
  ignore line: [#include <...> search starts here:]
  ignore line: [ /usr/lib/gcc/x86_64-linux-gnu/9/include]
  ignore line: [ /usr/local/include]
  ignore line: [ /usr/include/x86_64-linux-gnu]
  ignore line: [ /usr/include]
  ignore line: [End of search list.]
  ignore line: [GNU C17 (Ubuntu 9.4.0-1ubuntu1~20.04.2) version 9.4.0 (x86_64-linux-gnu)]
  ignore line: [	compiled by GNU C version 9.4.0  GMP version 6.2.0  MPFR version 4.0.2  MPC version 1.1.0  isl version isl-0.22.1-GMP]
  ignore line: []
  ignore line: [GGC heuristics: --param ggc-min-expand=100 --param ggc-min-heapsize=131072]
  ignore line: [Compiler executable checksum: 01da938ff5dc2163489aa33cb3b747a7]
  ignore line: [COLLECT_GCC_OPTIONS='-v' '-o' 'CMakeFiles/cmTC_7bb5b.dir/CMakeCCompilerABI.c.o' '-c' '-mtune=generic' '-march=x86-64']
  ignore line: [ as -v --64 -o CMakeFiles/cmTC_7bb5b.dir/CMakeCCompilerABI.c.o /tmp/ccTT6fHK.s]
  ignore line: [GNU assembler version 2.34 (x86_64-linux-gnu) using BFD version (GNU Binutils for Ubuntu) 2.34]
  ignore line: [COMPILER_PATH=/usr/lib/gcc/x86_64-linux-gnu/9/:/usr/lib/gcc/x86_64-linux-gnu/9/:/usr/lib/gcc/x86_64-linux-gnu/:/usr/lib/gcc/x86_64-linux-gnu/9/:/usr/lib/gcc/x86_64-linux-gnu/]
  ignore line: [LIBRARY_PATH=/usr/lib/gcc/x86_64-linux-gnu/9/:/usr/lib/gcc/x86_64-linux-gnu/9/../../../x86_64-linux-gnu/:/usr/lib/gcc/x86_64-linux-gnu/9/../../../../lib/:/lib/x86_64-linux-gnu/:/lib/../lib/:/usr/lib/x86_64-linux-gnu/:/usr/lib/../lib/:/usr/lib/gcc/x86_64-linux-gnu/9/../../../:/lib/:/usr/lib/]
  ignore line: [COLLECT_GCC_OPTIONS='-v' '-o' 'CMakeFiles/cmTC_7bb5b.dir/CMakeCCompilerABI.c.o' '-c' '-mtune=generic' '-march=x86-64']
  ignore line: [Linking C executable cmTC_7bb5b]
  ignore line: [/usr/bin/cmake -E cmake_link_script CMakeFiles/cmTC_7bb5b.dir/link.txt --verbose=1]
  ignore line: [/usr/bin/cc     -v CMakeFiles/cmTC_7bb5b.dir/CMakeCCompilerABI.c.o  -o cmTC_7bb5b ]
  ignore line: [Using built-in specs.]
  ignore line: [COLLECT_GCC=/usr/bin/cc]
  ignore line: [COLLECT_LTO_WRAPPER=/usr/lib/gcc/x86_64-linux-gnu/9/lto-wrapper]
  ignore line: [OFFLOAD_TARGET_NAMES=nvptx-none:hsa]
  ignore line: [OFFLOAD_TARGET_DEFAULT=1]
  ignore line: [Target: x86_64-linux-gnu]
  ignore line: [Configured with: ../src/configure -v --with-pkgversion='Ubuntu 9.4.0-1ubuntu1~20.04.2' --with-bugurl=file:///usr/share/doc/gcc-9/README.Bugs --enable-languages=c ada c++ go brig d fortran objc obj-c++ gm2 --prefix=/usr --with-gcc-major-version-only --program-suffix=-9 --program-prefix=x86_64-linux-gnu- --enable-shared --enable-linker-build-id --libexecdir=/usr/lib --without-included-gettext --enable-threads=posix --libdir=/usr/lib --enable-nls --enable-clocale=gnu --enable-libstdcxx-debug --enable-libstdcxx-time=yes --with-default-libstdcxx-abi=new --enable-gnu-unique-object --disable-vtable-verify --enable-plugin --enable-default-pie --with-system-zlib --with-target-system-zlib=auto --enable-objc-gc=auto --enable-multiarch --disable-werror --with-arch-32=i686 --with-abi=m64 --with-multilib-list=m32 m64 mx32 --enable-multilib --with-tune=generic --enable-offload-targets=nvptx-none=/build/gcc-9-9QDOt0/gcc-9-9.4.0/debian/tmp-nvptx/usr hsa --without-cuda-driver --enable-checking=release --build=x86_64-linux-gnu --host=x86_64-linux-gnu --target=x86_64-linux-gnu]
  ignore line: [Thread model: posix]
  ignore line: [gcc version 9.4.0 (Ubuntu 9.4.0-1ubuntu1~20.04.2) ]
  ignore line: [COMPILER_PATH=/usr/lib/gcc/x86_64-linux-gnu/9/:/usr/lib/gcc/x86_64-linux-gnu/9/:/usr/lib/gcc/x86_64-linux-gnu/:/usr/lib/gcc/x86_64-linux-gnu/9/:/usr/lib/gcc/x86_64-linux-gnu/]
  ignore line: [LIBRARY_PATH=/usr/lib/gcc/x86_64-linux-gnu/9/:/usr/lib/gcc/x86_64-linux-gnu/9/../../../x86_64-linux-gnu/:/usr/lib/gcc/x86_64-linux-gnu/9/../../../../lib/:/lib/x86_64-linux-gnu/:/lib/../lib/:/usr/lib/x86_64-linux-gnu/:/usr/lib/../lib/:/usr/lib/gcc/x86_64-linux-gnu/9/../../../:/lib/:/usr/lib/]
  ignore line: [COLLECT_GCC_OPTIONS='-v' '-o' 'cmTC_7bb5b' '-mtune=generic' '-march=x86-64']
  link line: [ /usr/lib/gcc/x86_64-linux-gnu/9/collect2 -plugin /usr/lib/gcc/x86_64-linux-gnu/9/liblto_plugin.so -plugin-opt=/usr/lib/gcc/x86_64-linux-gnu/9/lto-wrapper -plugin-opt=-fresolution=/tmp/ccfqUEJ8.res -plugin-opt=-pass-through=-lgcc -plugin-opt=-pass-through=-lgcc_s -plugin-opt=-pass-through=-lc -plugin-opt=-pass-through=-lgcc -plugin-opt=-pass-through=-lgcc_s --build-id --eh-frame-hdr -m elf_x86_64 --hash-style=gnu --as-needed -dynamic-linker /lib64/ld-linux-x86-64.so.2 -pie -z now -z relro -o cmTC_7bb5b /usr/lib/gcc/x86_64-linux-gnu/9/../../../x86_64-linux-gnu/Scrt1.o /usr/lib/gcc/x86_64-linux-gnu/9/../../../x86_64-linux-gnu/crti.o /usr/lib/gcc/x86_64-linux-gnu/9/crtbeginS.o -L/usr/lib/gcc/x86_64-linux-gnu/9 -L/usr/lib/gcc/x86_64-linux-gnu/9/../../../x86_64-linux-gnu -L/usr/lib/gcc/x86_64-linux-gnu/9/../../../../lib -L/lib/x86_64-linux-gnu -L/lib/../lib -L/usr/lib/x86_64-linux-gnu -L/usr/lib/../lib -L/usr/lib/gcc/x86_64-linux-gnu/9/../../.. CMakeFiles/cmTC_7bb5b.dir/CMakeCCompilerABI.c.o -lgcc --push-state --as-needed -lgcc_s --pop-state -lc -lgcc --push-state --as-needed -lgcc_s --pop-state /usr/lib/gcc/x86_64-linux-gnu/9/crtendS.o /usr/lib/gcc/x86_64-linux-gnu/9/../../../x86_64-linux-gnu/crtn.o]
    arg [/usr/lib/gcc/x86_64-linux-gnu/9/collect2] ==> ignore
    arg [-plugin] ==> ignore
    arg [/usr/lib/gcc/x86_64-linux-gnu/9/liblto_plugin.so] ==> ignore
    arg [-plugin-opt=/usr/lib/gcc/x86_64-linux-gnu/9/lto-wrapper] ==> ignore
    arg [-plugin-opt=-fresolution=/tmp/ccfqUEJ8.res] ==> ignore
    arg [-plugin-opt=-pass-through=-lgcc] ==> ignore
    arg [-plugin-opt=-pass-through=-lgcc_s] ==> ignore
    arg [-plugin-opt=-pass-through=-lc] ==> ignore
    arg [-plugin-opt=-pass-through=-lgcc] ==> ignore
    arg [-plugin-opt=-pass-through=-lgcc_s] ==> ignore
    arg [--build-id] ==> ignore
    arg [--eh-frame-hdr] ==> ignore
    arg [-m] ==> ignore
    arg [elf_x86_64] ==> ignore
    arg [--hash-style=gnu] ==> ignore
    arg [--as-needed] ==> ignore
    arg [-dynamic-linker] ==> ignore
    arg [/lib64/ld-linux-x86-64.so.2] ==> ignore
    arg [-pie] ==> ignore
    arg [-znow] ==> ignore
    arg [-zrelro] ==> ignore
    arg [-o] ==> ignore
    arg [cmTC_7bb5b] ==> ignore
    arg [/usr/lib/gcc/x86_64-linux-gnu/9/../../../x86_64-linux-gnu/Scrt1.o] ==> ignore
    arg [/usr/lib/gcc/x86_64-linux-gnu/9/../../../x86_64-linux-gnu/crti.o] ==> ignore
    arg [/usr/lib/gcc/x86_64-linux-gnu/9/crtbeginS.o] ==> ignore
    arg [-L/usr/lib/gcc/x86_64-linux-gnu/9] ==> dir [/usr/lib/gcc/x86_64-linux-gnu/9]
    arg [-L/usr/lib/gcc/x86_64-linux-gnu/9/../../../x86_64-linux-gnu] ==> dir [/usr/lib/gcc/x86_64-linux-gnu/9/../../../x86_64-linux-gnu]
    arg [-L/usr/lib/gcc/x86_64-linux-gnu/9/../../../../lib] ==> dir [/usr/lib/gcc/x86_64-linux-gnu/9/../../../../lib]
    arg [-L/lib/x86_64-linux-gnu] ==> dir [/lib/x86_64-linux-gnu]
    arg [-L/lib/../lib] ==> dir [/lib/../lib]
    arg [-L/usr/lib/x86_64-linux-gnu] ==> dir [/usr/lib/x86_64-linux-gnu]
    arg [-L/usr/lib/../lib] ==> dir [/usr/lib/../lib]
    arg [-L/usr/lib/gcc/x86_64-linux-gnu/9/../../..] ==> dir [/usr/lib/gcc/x86_64-linux-gnu/9/../../..]
    arg [CMakeFiles/cmTC_7bb5b.dir/CMakeCCompilerABI.c.o] ==> ignore
    arg [-lgcc] ==> lib [gcc]
    arg [--push-state] ==> ignore
    arg [--as-needed] ==> ignore
    arg [-lgcc_s] ==> lib [gcc_s]
    arg [--pop-state] ==> ignore
    arg [-lc] ==> lib [c]
    arg [-lgcc] ==> lib [gcc]
    arg [--push-state] ==> ignore
    arg [--as-needed] ==> ignore
    arg [-lgcc_s] ==> lib [gcc_s]
    arg [--pop-state] ==> ignore
    arg [/usr/lib/gcc/x86_64-linux-gnu/9/crtendS.o] ==> ignore
    arg [/usr/lib/gcc/x86_64-linux-gnu/9/../../../x86_64-linux-gnu/crtn.o] ==> ignore
  collapse library dir [/usr/lib/gcc/x86_64-linux-gnu/9] ==> [/usr/lib/gcc/x86_64-linux-gnu/9]
  collapse library dir [/usr/lib/gcc/x86_64-linux-gnu/9/../../../x86_64-linux-gnu] ==> [/usr/lib/x86_64-linux-gnu]
  collapse library dir [/usr/lib/gcc/x86_64-linux-gnu/9/../../../../lib] ==> [/usr/lib]
  collapse library dir [/lib/x86_64-linux-gnu] ==> [/lib/x86_64-linux-gnu]
  collapse library dir [/lib/../lib] ==> [/lib]
  collapse library dir [/usr/lib/x86_64-linux-gnu] ==> [/usr/lib/x86_64-linux-gnu]
  collapse library dir [/usr/lib/../lib] ==> [/usr/lib]
  collapse library dir [/usr/lib/gcc/x86_64-linux-gnu/9/../../..] ==> [/usr/lib]
  implicit libs: [gcc;gcc_s;c;gcc;gcc_s]
  implicit dirs: [/usr/lib/gcc/x86_64-linux-gnu/9;/usr/lib/x86_64-linux-gnu;/usr/lib;/lib/x86_64-linux-gnu;/lib]
  implicit fwks: []


Performing C SOURCE FILE Test Terminfo_LINKABLE succeeded with the following output:
Change Dir: /home/workspace/pony_compiler/src/build/CMakeFiles/CMakeTmp

Run Build Command(s):/usr/bin/make cmTC_9f450/fast && /usr/bin/make -f CMakeFiles/cmTC_9f450.dir/build.make CMakeFiles/cmTC_9f450.dir/build
make[1]: Entering directory '/home/workspace/pony_compiler/src/build/CMakeFiles/CMakeTmp'
Building C object CMakeFiles/cmTC_9f450.dir/src.c.o
/usr/bin/cc   -DTerminfo_LINKABLE   -o CMakeFiles/cmTC_9f450.dir/src.c.o   -c /home/workspace/pony_compiler/src/build/CMakeFiles/CMakeTmp/src.c
Linking C executable cmTC_9f450
/usr/bin/cmake -E cmake_link_script CMakeFiles/cmTC_9f450.dir/link.txt --verbose=1
/usr/bin/cc  -DTerminfo_LINKABLE    CMakeFiles/cmTC_9f450.dir/src.c.o  -o cmTC_9f450  /usr/lib/x86_64-linux-gnu/libtinfo.so 
make[1]: Leaving directory '/home/workspace/pony_compiler/src/build/CMakeFiles/CMakeTmp'


Source file was:

    int setupterm(char *term, int filedes, int *errret);
    int main() { return setupterm(0, 0, 0); }
Performing C SOURCE FILE Test C_SUPPORTS_FPIC succeeded with the following output:
Change Dir: /home/workspace/pony_compiler/src/build/CMakeFiles/CMakeTmp

Run Build Command(s):/usr/bin/make cmTC_725de/fast && /usr/bin/make -f CMakeFiles/cmTC_725de.dir/build.make CMakeFiles/cmTC_725de.dir/build
make[1]: Entering directory '/home/workspace/pony_compiler/src/build/CMakeFiles/CMakeTmp'
Building C object CMakeFiles/cmTC_725de.dir/src.c.o
/usr/bin/cc   -DC_SUPPORTS_FPIC   -Werror -fPIC -o CMakeFiles/cmTC_725de.dir/src.c.o   -c /home/workspace/pony_compiler/src/build/CMakeFiles/CMakeTmp/src.c
Linking C executable cmTC_725de
/usr/bin/cmake -E cmake_link_script CMakeFiles/cmTC_725de.dir/link.txt --verbose=1
/usr/bin/cc  -DC_SUPPORTS_FPIC    CMakeFiles/cmTC_725de.dir/src.c.o  -o cmTC_725de 
make[1]: Leaving directory '/home/workspace/pony_compiler/src/build/CMakeFiles/CMakeTmp'


Source file was:
int main(void) { return 0; }
Performing C++ SOURCE FILE Test CXX_SUPPORTS_FPIC succeeded with the following output:
Change Dir: /home/workspace/pony_compiler/src/build/CMakeFiles/CMakeTmp

Run Build Command(s):/usr/bin/make cmTC_9a081/fast && /usr/bin/make -f CMakeFiles/cmTC_9a081.dir/build.make CMakeFiles/cmTC_9a081.dir/build
make[1]: Entering directory '/home/workspace/pony_compiler/src/build/CMakeFiles/CMakeTmp'
Building CXX object CMakeFiles/cmTC_9a081.dir/src.cxx.o
/usr/bin/c++    -DCXX_SUPPORTS_FPIC   -Werror -fPIC -std=gnu++14 -o CMakeFiles/cmTC_9a081.dir/src.cxx.o -c /home/workspace/pony_compiler/src/build/CMakeFiles/CMakeTmp/src.cxx
Linking CXX executable cmTC_9a081
/usr/bin/cmake -E cmake_link_script CMakeFiles/cmTC_9a081.dir/link.txt --verbose=1
/usr/bin/c++   -DCXX_SUPPORTS_FPIC    CMakeFiles/cmTC_9a081.dir/src.cxx.o  -o cmTC_9a081 
make[1]: Leaving directory '/home/workspace/pony_compiler/src/build/CMakeFiles/CMakeTmp'


Source file was:
int main() { return 0; }
Performing C SOURCE FILE Test C_SUPPORTS_FNO_SEMANTIC_INTERPOSITION succeeded with the following output:
Change Dir: /home/workspace/pony_compiler/src/build/CMakeFiles/CMakeTmp

Run Build Command(s):/usr/bin/make cmTC_3f64c/fast && /usr/bin/make -f CMakeFiles/cmTC_3f64c.dir/build.make CMakeFiles/cmTC_3f64c.dir/build
make[1]: Entering directory '/home/workspace/pony_compiler/src/build/CMakeFiles/CMakeTmp'
Building C object CMakeFiles/cmTC_3f64c.dir/src.c.o
/usr/bin/cc   -fPIC -DC_SUPPORTS_FNO_SEMANTIC_INTERPOSITION   -Werror -fno-semantic-interposition -o CMakeFiles/cmTC_3f64c.dir/src.c.o   -c /home/workspace/pony_compiler/src/build/CMakeFiles/CMakeTmp/src.c
Linking C executable cmTC_3f64c
/usr/bin/cmake -E cmake_link_script CMakeFiles/cmTC_3f64c.dir/link.txt --verbose=1
/usr/bin/cc  -fPIC -DC_SUPPORTS_FNO_SEMANTIC_INTERPOSITION    CMakeFiles/cmTC_3f64c.dir/src.c.o  -o cmTC_3f64c 
make[1]: Leaving directory '/home/workspace/pony_compiler/src/build/CMakeFiles/CMakeTmp'


Source file was:
int main(void) { return 0; }
Performing C++ SOURCE FILE Test CXX_SUPPORTS_FNO_SEMANTIC_INTERPOSITION succeeded with the following output:
Change Dir: /home/workspace/pony_compiler/src/build/CMakeFiles/CMakeTmp

Run Build Command(s):/usr/bin/make cmTC_f9a77/fast && /usr/bin/make -f CMakeFiles/cmTC_f9a77.dir/build.make CMakeFiles/cmTC_f9a77.dir/build
make[1]: Entering directory '/home/workspace/pony_compiler/src/build/CMakeFiles/CMakeTmp'
Building CXX object CMakeFiles/cmTC_f9a77.dir/src.cxx.o
/usr/bin/c++    -fPIC -DCXX_SUPPORTS_FNO_SEMANTIC_INTERPOSITION   -Werror -fno-semantic-interposition -std=gnu++14 -o CMakeFiles/cmTC_f9a77.dir/src.cxx.o -c /home/workspace/pony_compiler/src/build/CMakeFiles/CMakeTmp/src.cxx
Linking CXX executable cmTC_f9a77
/usr/bin/cmake -E cmake_link_script CMakeFiles/cmTC_f9a77.dir/link.txt --verbose=1
/usr/bin/c++   -fPIC -DCXX_SUPPORTS_FNO_SEMANTIC_INTERPOSITION    CMakeFiles/cmTC_f9a77.dir/src.cxx.o  -o cmTC_f9a77 
make[1]: Leaving directory '/home/workspace/pony_compiler/src/build/CMakeFiles/CMakeTmp'


Source file was:
int main() { return 0; }
Performing C++ SOURCE FILE Test SUPPORTS_FVISIBILITY_INLINES_HIDDEN_FLAG succeeded with the following output:
Change Dir: /home/workspace/pony_compiler/src/build/CMakeFiles/CMakeTmp

Run Build Command(s):/usr/bin/make cmTC_f208c/fast && /usr/bin/make -f CMakeFiles/cmTC_f208c.dir/build.make CMakeFiles/cmTC_f208c.dir/build
make[1]: Entering directory '/home/workspace/pony_compiler/src/build/CMakeFiles/CMakeTmp'
Building CXX object CMakeFiles/cmTC_f208c.dir/src.cxx.o
/usr/bin/c++    -fPIC -fno-semantic-interposition -DSUPPORTS_FVISIBILITY_INLINES_HIDDEN_FLAG   -fvisibility-inlines-hidden -std=gnu++14 -o CMakeFiles/cmTC_f208c.dir/src.cxx.o -c /home/workspace/pony_compiler/src/build/CMakeFiles/CMakeTmp/src.cxx
Linking CXX executable cmTC_f208c
/usr/bin/cmake -E cmake_link_script CMakeFiles/cmTC_f208c.dir/link.txt --verbose=1
/usr/bin/c++   -fPIC -fno-semantic-interposition -DSUPPORTS_FVISIBILITY_INLINES_HIDDEN_FLAG    CMakeFiles/cmTC_f208c.dir/src.cxx.o  -o cmTC_f208c 
make[1]: Leaving directory '/home/workspace/pony_compiler/src/build/CMakeFiles/CMakeTmp'


Source file was:
int main() { return 0; }
Performing C SOURCE FILE Test C_SUPPORTS_WERROR_DATE_TIME succeeded with the following output:
Change Dir: /home/workspace/pony_compiler/src/build/CMakeFiles/CMakeTmp

Run Build Command(s):/usr/bin/make cmTC_413b8/fast && /usr/bin/make -f CMakeFiles/cmTC_413b8.dir/build.make CMakeFiles/cmTC_413b8.dir/build
make[1]: Entering directory '/home/workspace/pony_compiler/src/build/CMakeFiles/CMakeTmp'
Building C object CMakeFiles/cmTC_413b8.dir/src.c.o
/usr/bin/cc   -fPIC -fno-semantic-interposition -DC_SUPPORTS_WERROR_DATE_TIME   -Werror -Werror=date-time -o CMakeFiles/cmTC_413b8.dir/src.c.o   -c /home/workspace/pony_compiler/src/build/CMakeFiles/CMakeTmp/src.c
Linking C executable cmTC_413b8
/usr/bin/cmake -E cmake_link_script CMakeFiles/cmTC_413b8.dir/link.txt --verbose=1
/usr/bin/cc  -fPIC -fno-semantic-interposition -DC_SUPPORTS_WERROR_DATE_TIME    CMakeFiles/cmTC_413b8.dir/src.c.o  -o cmTC_413b8 
make[1]: Leaving directory '/home/workspace/pony_compiler/src/build/CMakeFiles/CMakeTmp'


Source file was:
int main(void) { return 0; }
Performing C++ SOURCE FILE Test CXX_SUPPORTS_WERROR_DATE_TIME succeeded with the following output:
Change Dir: /home/workspace/pony_compiler/src/build/CMakeFiles/CMakeTmp

Run Build Command(s):/usr/bin/make cmTC_26faf/fast && /usr/bin/make -f CMakeFiles/cmTC_26faf.dir/build.make CMakeFiles/cmTC_26faf.dir/build
make[1]: Entering directory '/home/workspace/pony_compiler/src/build/CMakeFiles/CMakeTmp'
Building CXX object CMakeFiles/cmTC_26faf.dir/src.cxx.o
/usr/bin/c++    -fPIC -fno-semantic-interposition -fvisibility-inlines-hidden -DCXX_SUPPORTS_WERROR_DATE_TIME   -Werror -Werror=date-time -std=gnu++14 -o CMakeFiles/cmTC_26faf.dir/src.cxx.o -c /home/workspace/pony_compiler/src/build/CMakeFiles/CMakeTmp/src.cxx
Linking CXX executable cmTC_26faf
/usr/bin/cmake -E cmake_link_script CMakeFiles/cmTC_26faf.dir/link.txt --verbose=1
/usr/bin/c++   -fPIC -fno-semantic-interposition -fvisibility-inlines-hidden -DCXX_SUPPORTS_WERROR_DATE_TIME    CMakeFiles/cmTC_26faf.dir/src.cxx.o  -o cmTC_26faf 
make[1]: Leaving directory '/home/workspace/pony_compiler/src/build/CMakeFiles/CMakeTmp'


Source file was:
int main() { return 0; }
Performing C++ SOURCE FILE Test CXX_SUPPORTS_MISSING_FIELD_INITIALIZERS_FLAG succeeded with the following output:
Change Dir: /home/workspace/pony_compiler/src/build/CMakeFiles/CMakeTmp

Run Build Command(s):/usr/bin/make cmTC_51bfe/fast && /usr/bin/make -f CMakeFiles/cmTC_51bfe.dir/build.make CMakeFiles/cmTC_51bfe.dir/build
make[1]: Entering directory '/home/workspace/pony_compiler/src/build/CMakeFiles/CMakeTmp'
Building CXX object CMakeFiles/cmTC_51bfe.dir/src.cxx.o
/usr/bin/c++    -fPIC -fno-semantic-interposition -fvisibility-inlines-hidden -Werror=date-time -Wall -Wextra -Wno-unused-parameter -Wwrite-strings -Wcast-qual -DCXX_SUPPORTS_MISSING_FIELD_INITIALIZERS_FLAG   -Wmissing-field-initializers -std=gnu++14 -o CMakeFiles/cmTC_51bfe.dir/src.cxx.o -c /home/workspace/pony_compiler/src/build/CMakeFiles/CMakeTmp/src.cxx
Linking CXX executable cmTC_51bfe
/usr/bin/cmake -E cmake_link_script CMakeFiles/cmTC_51bfe.dir/link.txt --verbose=1
/usr/bin/c++   -fPIC -fno-semantic-interposition -fvisibility-inlines-hidden -Werror=date-time -Wall -Wextra -Wno-unused-parameter -Wwrite-strings -Wcast-qual -DCXX_SUPPORTS_MISSING_FIELD_INITIALIZERS_FLAG    CMakeFiles/cmTC_51bfe.dir/src.cxx.o  -o cmTC_51bfe 
make[1]: Leaving directory '/home/workspace/pony_compiler/src/build/CMakeFiles/CMakeTmp'


Source file was:
int main() { return 0; }
Performing C SOURCE FILE Test C_SUPPORTS_IMPLICIT_FALLTHROUGH_FLAG succeeded with the following output:
Change Dir: /home/workspace/pony_compiler/src/build/CMakeFiles/CMakeTmp

Run Build Command(s):/usr/bin/make cmTC_6c970/fast && /usr/bin/make -f CMakeFiles/cmTC_6c970.dir/build.make CMakeFiles/cmTC_6c970.dir/build
make[1]: Entering directory '/home/workspace/pony_compiler/src/build/CMakeFiles/CMakeTmp'
Building C object CMakeFiles/cmTC_6c970.dir/src.c.o
/usr/bin/cc   -fPIC -fno-semantic-interposition -Werror=date-time -Wall -Wextra -Wno-unused-parameter -Wwrite-strings -Wno-missing-field-initializers -DC_SUPPORTS_IMPLICIT_FALLTHROUGH_FLAG   -Werror -Wimplicit-fallthrough -o CMakeFiles/cmTC_6c970.dir/src.c.o   -c /home/workspace/pony_compiler/src/build/CMakeFiles/CMakeTmp/src.c
Linking C executable cmTC_6c970
/usr/bin/cmake -E cmake_link_script CMakeFiles/cmTC_6c970.dir/link.txt --verbose=1
/usr/bin/cc  -fPIC -fno-semantic-interposition -Werror=date-time -Wall -Wextra -Wno-unused-parameter -Wwrite-strings -Wno-missing-field-initializers -DC_SUPPORTS_IMPLICIT_FALLTHROUGH_FLAG    CMakeFiles/cmTC_6c970.dir/src.c.o  -o cmTC_6c970 
make[1]: Leaving directory '/home/workspace/pony_compiler/src/build/CMakeFiles/CMakeTmp'


Source file was:
int main(void) { return 0; }
Performing C++ SOURCE FILE Test CXX_SUPPORTS_IMPLICIT_FALLTHROUGH_FLAG succeeded with the following output:
Change Dir: /home/workspace/pony_compiler/src/build/CMakeFiles/CMakeTmp

Run Build Command(s):/usr/bin/make cmTC_77615/fast && /usr/bin/make -f CMakeFiles/cmTC_77615.dir/build.make CMakeFiles/cmTC_77615.dir/build
make[1]: Entering directory '/home/workspace/pony_compiler/src/build/CMakeFiles/CMakeTmp'
Building CXX object CMakeFiles/cmTC_77615.dir/src.cxx.o
/usr/bin/c++    -fPIC -fno-semantic-interposition -fvisibility-inlines-hidden -Werror=date-time -Wall -Wextra -Wno-unused-parameter -Wwrite-strings -Wcast-qual -Wno-missing-field-initializers -DCXX_SUPPORTS_IMPLICIT_FALLTHROUGH_FLAG   -Werror -Wimplicit-fallthrough -std=gnu++14 -o CMakeFiles/cmTC_77615.dir/src.cxx.o -c /home/workspace/pony_compiler/src/build/CMakeFiles/CMakeTmp/src.cxx
Linking CXX executable cmTC_77615
/usr/bin/cmake -E cmake_link_script CMakeFiles/cmTC_77615.dir/link.txt --verbose=1
/usr/bin/c++   -fPIC -fno-semantic-interposition -fvisibility-inlines-hidden -Werror=date-time -Wall -Wextra -Wno-unused-parameter -Wwrite-strings -Wcast-qual -Wno-missing-field-initializers -DCXX_SUPPORTS_IMPLICIT_FALLTHROUGH_FLAG    CMakeFiles/cmTC_77615.dir/src.cxx.o  -o cmTC_77615 
make[1]: Leaving directory '/home/workspace/pony_compiler/src/build/CMakeFiles/CMakeTmp'


Source file was:
int main() { return 0; }
Performing C++ SOURCE FILE Test CXX_SUPPORTS_CLASS_MEMACCESS_FLAG succeeded with the following output:
Change Dir: /home/workspace/pony_compiler/src/build/CMakeFiles/CMakeTmp

Run Build Command(s):/usr/bin/make cmTC_183fd/fast && /usr/bin/make -f CMakeFiles/cmTC_183fd.dir/build.make CMakeFiles/cmTC_183fd.dir/build
make[1]: Entering directory '/home/workspace/pony_compiler/src/build/CMakeFiles/CMakeTmp'
Building CXX object CMakeFiles/cmTC_183fd.dir/src.cxx.o
/usr/bin/c++    -fPIC -fno-semantic-interposition -fvisibility-inlines-hidden -Werror=date-time -Wall -Wextra -Wno-unused-parameter -Wwrite-strings -Wcast-qual -Wno-missing-field-initializers -Wimplicit-fallthrough -DCXX_SUPPORTS_CLASS_MEMACCESS_FLAG   -Wclass-memaccess -std=gnu++14 -o CMakeFiles/cmTC_183fd.dir/src.cxx.o -c /home/workspace/pony_compiler/src/build/CMakeFiles/CMakeTmp/src.cxx
Linking CXX executable cmTC_183fd
/usr/bin/cmake -E cmake_link_script CMakeFiles/cmTC_183fd.dir/link.txt --verbose=1
/usr/bin/c++   -fPIC -fno-semantic-interposition -fvisibility-inlines-hidden -Werror=date-time -Wall -Wextra -Wno-unused-parameter -Wwrite-strings -Wcast-qual -Wno-missing-field-initializers -Wimplicit-fallthrough -DCXX_SUPPORTS_CLASS_MEMACCESS_FLAG    CMakeFiles/cmTC_183fd.dir/src.cxx.o  -o cmTC_183fd 
make[1]: Leaving directory '/home/workspace/pony_compiler/src/build/CMakeFiles/CMakeTmp'


Source file was:
int main() { return 0; }
Performing C++ SOURCE FILE Test CXX_SUPPORTS_REDUNDANT_MOVE_FLAG succeeded with the following output:
Change Dir: /home/workspace/pony_compiler/src/build/CMakeFiles/CMakeTmp

Run Build Command(s):/usr/bin/make cmTC_956ae/fast && /usr/bin/make -f CMakeFiles/cmTC_956ae.dir/build.make CMakeFiles/cmTC_956ae.dir/build
make[1]: Entering directory '/home/workspace/pony_compiler/src/build/CMakeFiles/CMakeTmp'
Building CXX object CMakeFiles/cmTC_956ae.dir/src.cxx.o
/usr/bin/c++    -fPIC -fno-semantic-interposition -fvisibility-inlines-hidden -Werror=date-time -Wall -Wextra -Wno-unused-parameter -Wwrite-strings -Wcast-qual -Wno-missing-field-initializers -Wimplicit-fallthrough -Wno-class-memaccess -DCXX_SUPPORTS_REDUNDANT_MOVE_FLAG   -Wredundant-move -std=gnu++14 -o CMakeFiles/cmTC_956ae.dir/src.cxx.o -c /home/workspace/pony_compiler/src/build/CMakeFiles/CMakeTmp/src.cxx
Linking CXX executable cmTC_956ae
/usr/bin/cmake -E cmake_link_script CMakeFiles/cmTC_956ae.dir/link.txt --verbose=1
/usr/bin/c++   -fPIC -fno-semantic-interposition -fvisibility-inlines-hidden -Werror=date-time -Wall -Wextra -Wno-unused-parameter -Wwrite-strings -Wcast-qual -Wno-missing-field-initializers -Wimplicit-fallthrough -Wno-class-memaccess -DCXX_SUPPORTS_REDUNDANT_MOVE_FLAG    CMakeFiles/cmTC_956ae.dir/src.cxx.o  -o cmTC_956ae 
make[1]: Leaving directory '/home/workspace/pony_compiler/src/build/CMakeFiles/CMakeTmp'


Source file was:
int main() { return 0; }
Performing C++ SOURCE FILE Test CXX_SUPPORTS_PESSIMIZING_MOVE_FLAG succeeded with the following output:
Change Dir: /home/workspace/pony_compiler/src/build/CMakeFiles/CMakeTmp

Run Build Command(s):/usr/bin/make cmTC_a7ae7/fast && /usr/bin/make -f CMakeFiles/cmTC_a7ae7.dir/build.make CMakeFiles/cmTC_a7ae7.dir/build
make[1]: Entering directory '/home/workspace/pony_compiler/src/build/CMakeFiles/CMakeTmp'
Building CXX object CMakeFiles/cmTC_a7ae7.dir/src.cxx.o
/usr/bin/c++    -fPIC -fno-semantic-interposition -fvisibility-inlines-hidden -Werror=date-time -Wall -Wextra -Wno-unused-parameter -Wwrite-strings -Wcast-qual -Wno-missing-field-initializers -Wimplicit-fallthrough -Wno-class-memaccess -Wno-redundant-move -DCXX_SUPPORTS_PESSIMIZING_MOVE_FLAG   -Wpessimizing-move -std=gnu++14 -o CMakeFiles/cmTC_a7ae7.dir/src.cxx.o -c /home/workspace/pony_compiler/src/build/CMakeFiles/CMakeTmp/src.cxx
Linking CXX executable cmTC_a7ae7
/usr/bin/cmake -E cmake_link_script CMakeFiles/cmTC_a7ae7.dir/link.txt --verbose=1
/usr/bin/c++   -fPIC -fno-semantic-interposition -fvisibility-inlines-hidden -Werror=date-time -Wall -Wextra -Wno-unused-parameter -Wwrite-strings -Wcast-qual -Wno-missing-field-initializers -Wimplicit-fallthrough -Wno-class-memaccess -Wno-redundant-move -DCXX_SUPPORTS_PESSIMIZING_MOVE_FLAG    CMakeFiles/cmTC_a7ae7.dir/src.cxx.o  -o cmTC_a7ae7 
make[1]: Leaving directory '/home/workspace/pony_compiler/src/build/CMakeFiles/CMakeTmp'


Source file was:
int main() { return 0; }
Performing C++ SOURCE FILE Test CXX_SUPPORTS_NOEXCEPT_TYPE_FLAG succeeded with the following output:
Change Dir: /home/workspace/pony_compiler/src/build/CMakeFiles/CMakeTmp

Run Build Command(s):/usr/bin/make cmTC_b5efd/fast && /usr/bin/make -f CMakeFiles/cmTC_b5efd.dir/build.make CMakeFiles/cmTC_b5efd.dir/build
make[1]: Entering directory '/home/workspace/pony_compiler/src/build/CMakeFiles/CMakeTmp'
Building CXX object CMakeFiles/cmTC_b5efd.dir/src.cxx.o
/usr/bin/c++    -fPIC -fno-semantic-interposition -fvisibility-inlines-hidden -Werror=date-time -Wall -Wextra -Wno-unused-parameter -Wwrite-strings -Wcast-qual -Wno-missing-field-initializers -Wimplicit-fallthrough -Wno-class-memaccess -Wno-redundant-move -Wno-pessimizing-move -DCXX_SUPPORTS_NOEXCEPT_TYPE_FLAG   -Wnoexcept-type -std=gnu++14 -o CMakeFiles/cmTC_b5efd.dir/src.cxx.o -c /home/workspace/pony_compiler/src/build/CMakeFiles/CMakeTmp/src.cxx
Linking CXX executable cmTC_b5efd
/usr/bin/cmake -E cmake_link_script CMakeFiles/cmTC_b5efd.dir/link.txt --verbose=1
/usr/bin/c++   -fPIC -fno-semantic-interposition -fvisibility-inlines-hidden -Werror=date-time -Wall -Wextra -Wno-unused-parameter -Wwrite-strings -Wcast-qual -Wno-missing-field-initializers -Wimplicit-fallthrough -Wno-class-memaccess -Wno-redundant-move -Wno-pessimizing-move -DCXX_SUPPORTS_NOEXCEPT_TYPE_FLAG    CMakeFiles/cmTC_b5efd.dir/src.cxx.o  -o cmTC_b5efd 
make[1]: Leaving directory '/home/workspace/pony_compiler/src/build/CMakeFiles/CMakeTmp'


Source file was:
int main() { return 0; }
Performing C++ SOURCE FILE Test CXX_SUPPORTS_SUGGEST_OVERRIDE_FLAG succeeded with the following output:
Change Dir: /home/workspace/pony_compiler/src/build/CMakeFiles/CMakeTmp

Run Build Command(s):/usr/bin/make cmTC_3174c/fast && /usr/bin/make -f CMakeFiles/cmTC_3174c.dir/build.make CMakeFiles/cmTC_3174c.dir/build
make[1]: Entering directory '/home/workspace/pony_compiler/src/build/CMakeFiles/CMakeTmp'
Building CXX object CMakeFiles/cmTC_3174c.dir/src.cxx.o
/usr/bin/c++    -fPIC -fno-semantic-interposition -fvisibility-inlines-hidden -Werror=date-time -Wall -Wextra -Wno-unused-parameter -Wwrite-strings -Wcast-qual -Wno-missing-field-initializers -Wimplicit-fallthrough -Wno-class-memaccess -Wno-redundant-move -Wno-pessimizing-move -Wno-noexcept-type -Wdelete-non-virtual-dtor -DCXX_SUPPORTS_SUGGEST_OVERRIDE_FLAG   -Wsuggest-override -std=gnu++14 -o CMakeFiles/cmTC_3174c.dir/src.cxx.o -c /home/workspace/pony_compiler/src/build/CMakeFiles/CMakeTmp/src.cxx
Linking CXX executable cmTC_3174c
/usr/bin/cmake -E cmake_link_script CMakeFiles/cmTC_3174c.dir/link.txt --verbose=1
/usr/bin/c++   -fPIC -fno-semantic-interposition -fvisibility-inlines-hidden -Werror=date-time -Wall -Wextra -Wno-unused-parameter -Wwrite-strings -Wcast-qual -Wno-missing-field-initializers -Wimplicit-fallthrough -Wno-class-memaccess -Wno-redundant-move -Wno-pessimizing-move -Wno-noexcept-type -Wdelete-non-virtual-dtor -DCXX_SUPPORTS_SUGGEST_OVERRIDE_FLAG    CMakeFiles/cmTC_3174c.dir/src.cxx.o  -o cmTC_3174c 
make[1]: Leaving directory '/home/workspace/pony_compiler/src/build/CMakeFiles/CMakeTmp'


Source file was:
int main() { return 0; }
Performing C++ SOURCE FILE Test CXX_WSUGGEST_OVERRIDE_ALLOWS_ONLY_FINAL succeeded with the following output:
Change Dir: /home/workspace/pony_compiler/src/build/CMakeFiles/CMakeTmp

Run Build Command(s):/usr/bin/make cmTC_dadcd/fast && /usr/bin/make -f CMakeFiles/cmTC_dadcd.dir/build.make CMakeFiles/cmTC_dadcd.dir/build
make[1]: Entering directory '/home/workspace/pony_compiler/src/build/CMakeFiles/CMakeTmp'
Building CXX object CMakeFiles/cmTC_dadcd.dir/src.cxx.o
/usr/bin/c++    -fPIC -fno-semantic-interposition -fvisibility-inlines-hidden -Werror=date-time -Wall -Wextra -Wno-unused-parameter -Wwrite-strings -Wcast-qual -Wno-missing-field-initializers -Wimplicit-fallthrough -Wno-class-memaccess -Wno-redundant-move -Wno-pessimizing-move -Wno-noexcept-type -Wdelete-non-virtual-dtor -DCXX_WSUGGEST_OVERRIDE_ALLOWS_ONLY_FINAL  -Werror=suggest-override   -std=gnu++14 -o CMakeFiles/cmTC_dadcd.dir/src.cxx.o -c /home/workspace/pony_compiler/src/build/CMakeFiles/CMakeTmp/src.cxx
Linking CXX executable cmTC_dadcd
/usr/bin/cmake -E cmake_link_script CMakeFiles/cmTC_dadcd.dir/link.txt --verbose=1
/usr/bin/c++   -fPIC -fno-semantic-interposition -fvisibility-inlines-hidden -Werror=date-time -Wall -Wextra -Wno-unused-parameter -Wwrite-strings -Wcast-qual -Wno-missing-field-initializers -Wimplicit-fallthrough -Wno-class-memaccess -Wno-redundant-move -Wno-pessimizing-move -Wno-noexcept-type -Wdelete-non-virtual-dtor -DCXX_WSUGGEST_OVERRIDE_ALLOWS_ONLY_FINAL  -Werror=suggest-override    CMakeFiles/cmTC_dadcd.dir/src.cxx.o  -o cmTC_dadcd 
make[1]: Leaving directory '/home/workspace/pony_compiler/src/build/CMakeFiles/CMakeTmp'


Source file was:
class base {public: virtual void anchor();};
                               class derived : base {public: void anchor() final;};
                               int main() { return 0; }
Performing C SOURCE FILE Test C_SUPPORTS_MISLEADING_INDENTATION_FLAG succeeded with the following output:
Change Dir: /home/workspace/pony_compiler/src/build/CMakeFiles/CMakeTmp

Run Build Command(s):/usr/bin/make cmTC_6155e/fast && /usr/bin/make -f CMakeFiles/cmTC_6155e.dir/build.make CMakeFiles/cmTC_6155e.dir/build
make[1]: Entering directory '/home/workspace/pony_compiler/src/build/CMakeFiles/CMakeTmp'
Building C object CMakeFiles/cmTC_6155e.dir/src.c.o
/usr/bin/cc   -fPIC -fno-semantic-interposition -Werror=date-time -Wall -Wextra -Wno-unused-parameter -Wwrite-strings -Wno-missing-field-initializers -Wimplicit-fallthrough -Wno-comment -DC_SUPPORTS_MISLEADING_INDENTATION_FLAG   -Werror -Wmisleading-indentation -o CMakeFiles/cmTC_6155e.dir/src.c.o   -c /home/workspace/pony_compiler/src/build/CMakeFiles/CMakeTmp/src.c
Linking C executable cmTC_6155e
/usr/bin/cmake -E cmake_link_script CMakeFiles/cmTC_6155e.dir/link.txt --verbose=1
/usr/bin/cc  -fPIC -fno-semantic-interposition -Werror=date-time -Wall -Wextra -Wno-unused-parameter -Wwrite-strings -Wno-missing-field-initializers -Wimplicit-fallthrough -Wno-comment -DC_SUPPORTS_MISLEADING_INDENTATION_FLAG    CMakeFiles/cmTC_6155e.dir/src.c.o  -o cmTC_6155e 
make[1]: Leaving directory '/home/workspace/pony_compiler/src/build/CMakeFiles/CMakeTmp'


Source file was:
int main(void) { return 0; }
Performing C++ SOURCE FILE Test CXX_SUPPORTS_MISLEADING_INDENTATION_FLAG succeeded with the following output:
Change Dir: /home/workspace/pony_compiler/src/build/CMakeFiles/CMakeTmp

Run Build Command(s):/usr/bin/make cmTC_c984f/fast && /usr/bin/make -f CMakeFiles/cmTC_c984f.dir/build.make CMakeFiles/cmTC_c984f.dir/build
make[1]: Entering directory '/home/workspace/pony_compiler/src/build/CMakeFiles/CMakeTmp'
Building CXX object CMakeFiles/cmTC_c984f.dir/src.cxx.o
/usr/bin/c++    -fPIC -fno-semantic-interposition -fvisibility-inlines-hidden -Werror=date-time -Wall -Wextra -Wno-unused-parameter -Wwrite-strings -Wcast-qual -Wno-missing-field-initializers -Wimplicit-fallthrough -Wno-class-memaccess -Wno-redundant-move -Wno-pessimizing-move -Wno-noexcept-type -Wdelete-non-virtual-dtor -Wsuggest-override -Wno-comment -DCXX_SUPPORTS_MISLEADING_INDENTATION_FLAG   -Werror -Wmisleading-indentation -std=gnu++14 -o CMakeFiles/cmTC_c984f.dir/src.cxx.o -c /home/workspace/pony_compiler/src/build/CMakeFiles/CMakeTmp/src.cxx
Linking CXX executable cmTC_c984f
/usr/bin/cmake -E cmake_link_script CMakeFiles/cmTC_c984f.dir/link.txt --verbose=1
/usr/bin/c++   -fPIC -fno-semantic-interposition -fvisibility-inlines-hidden -Werror=date-time -Wall -Wextra -Wno-unused-parameter -Wwrite-strings -Wcast-qual -Wno-missing-field-initializers -Wimplicit-fallthrough -Wno-class-memaccess -Wno-redundant-move -Wno-pessimizing-move -Wno-noexcept-type -Wdelete-non-virtual-dtor -Wsuggest-override -Wno-comment -DCXX_SUPPORTS_MISLEADING_INDENTATION_FLAG    CMakeFiles/cmTC_c984f.dir/src.cxx.o  -o cmTC_c984f 
make[1]: Leaving directory '/home/workspace/pony_compiler/src/build/CMakeFiles/CMakeTmp'


Source file was:
int main() { return 0; }
Performing C SOURCE FILE Test C_SUPPORTS_FNO_FUNCTION_SECTIONS succeeded with the following output:
Change Dir: /home/workspace/pony_compiler/src/build/CMakeFiles/CMakeTmp

Run Build Command(s):/usr/bin/make cmTC_a912b/fast && /usr/bin/make -f CMakeFiles/cmTC_a912b.dir/build.make CMakeFiles/cmTC_a912b.dir/build
make[1]: Entering directory '/home/workspace/pony_compiler/src/build/CMakeFiles/CMakeTmp'
Building C object CMakeFiles/cmTC_a912b.dir/src.c.o
/usr/bin/cc   -fPIC -fno-semantic-interposition -Werror=date-time -Wall -Wextra -Wno-unused-parameter -Wwrite-strings -Wno-missing-field-initializers -Wimplicit-fallthrough -Wno-comment -Wmisleading-indentation -DC_SUPPORTS_FNO_FUNCTION_SECTIONS   -Werror -fno-function-sections -o CMakeFiles/cmTC_a912b.dir/src.c.o   -c /home/workspace/pony_compiler/src/build/CMakeFiles/CMakeTmp/src.c
Linking C executable cmTC_a912b
/usr/bin/cmake -E cmake_link_script CMakeFiles/cmTC_a912b.dir/link.txt --verbose=1
/usr/bin/cc  -fPIC -fno-semantic-interposition -Werror=date-time -Wall -Wextra -Wno-unused-parameter -Wwrite-strings -Wno-missing-field-initializers -Wimplicit-fallthrough -Wno-comment -Wmisleading-indentation -DC_SUPPORTS_FNO_FUNCTION_SECTIONS    CMakeFiles/cmTC_a912b.dir/src.c.o  -o cmTC_a912b 
make[1]: Leaving directory '/home/workspace/pony_compiler/src/build/CMakeFiles/CMakeTmp'


Source file was:
int main(void) { return 0; }
Performing C SOURCE FILE Test C_SUPPORTS_FFUNCTION_SECTIONS succeeded with the following output:
Change Dir: /home/workspace/pony_compiler/src/build/CMakeFiles/CMakeTmp

Run Build Command(s):/usr/bin/make cmTC_f5c3c/fast && /usr/bin/make -f CMakeFiles/cmTC_f5c3c.dir/build.make CMakeFiles/cmTC_f5c3c.dir/build
make[1]: Entering directory '/home/workspace/pony_compiler/src/build/CMakeFiles/CMakeTmp'
Building C object CMakeFiles/cmTC_f5c3c.dir/src.c.o
/usr/bin/cc   -fPIC -fno-semantic-interposition -Werror=date-time -Wall -Wextra -Wno-unused-parameter -Wwrite-strings -Wno-missing-field-initializers -Wimplicit-fallthrough -Wno-comment -Wmisleading-indentation -DC_SUPPORTS_FFUNCTION_SECTIONS   -Werror -ffunction-sections -o CMakeFiles/cmTC_f5c3c.dir/src.c.o   -c /home/workspace/pony_compiler/src/build/CMakeFiles/CMakeTmp/src.c
Linking C executable cmTC_f5c3c
/usr/bin/cmake -E cmake_link_script CMakeFiles/cmTC_f5c3c.dir/link.txt --verbose=1
/usr/bin/cc  -fPIC -fno-semantic-interposition -Werror=date-time -Wall -Wextra -Wno-unused-parameter -Wwrite-strings -Wno-missing-field-initializers -Wimplicit-fallthrough -Wno-comment -Wmisleading-indentation -DC_SUPPORTS_FFUNCTION_SECTIONS    CMakeFiles/cmTC_f5c3c.dir/src.c.o  -o cmTC_f5c3c 
make[1]: Leaving directory '/home/workspace/pony_compiler/src/build/CMakeFiles/CMakeTmp'


Source file was:
int main(void) { return 0; }
Performing C++ SOURCE FILE Test CXX_SUPPORTS_FFUNCTION_SECTIONS succeeded with the following output:
Change Dir: /home/workspace/pony_compiler/src/build/CMakeFiles/CMakeTmp

Run Build Command(s):/usr/bin/make cmTC_b7e04/fast && /usr/bin/make -f CMakeFiles/cmTC_b7e04.dir/build.make CMakeFiles/cmTC_b7e04.dir/build
make[1]: Entering directory '/home/workspace/pony_compiler/src/build/CMakeFiles/CMakeTmp'
Building CXX object CMakeFiles/cmTC_b7e04.dir/src.cxx.o
/usr/bin/c++    -fPIC -fno-semantic-interposition -fvisibility-inlines-hidden -Werror=date-time -Wall -Wextra -Wno-unused-parameter -Wwrite-strings -Wcast-qual -Wno-missing-field-initializers -Wimplicit-fallthrough -Wno-class-memaccess -Wno-redundant-move -Wno-pessimizing-move -Wno-noexcept-type -Wdelete-non-virtual-dtor -Wsuggest-override -Wno-comment -Wmisleading-indentation -DCXX_SUPPORTS_FFUNCTION_SECTIONS   -Werror -ffunction-sections -std=gnu++14 -o CMakeFiles/cmTC_b7e04.dir/src.cxx.o -c /home/workspace/pony_compiler/src/build/CMakeFiles/CMakeTmp/src.cxx
Linking CXX executable cmTC_b7e04
/usr/bin/cmake -E cmake_link_script CMakeFiles/cmTC_b7e04.dir/link.txt --verbose=1
/usr/bin/c++   -fPIC -fno-semantic-interposition -fvisibility-inlines-hidden -Werror=date-time -Wall -Wextra -Wno-unused-parameter -Wwrite-strings -Wcast-qual -Wno-missing-field-initializers -Wimplicit-fallthrough -Wno-class-memaccess -Wno-redundant-move -Wno-pessimizing-move -Wno-noexcept-type -Wdelete-non-virtual-dtor -Wsuggest-override -Wno-comment -Wmisleading-indentation -DCXX_SUPPORTS_FFUNCTION_SECTIONS    CMakeFiles/cmTC_b7e04.dir/src.cxx.o  -o cmTC_b7e04 
make[1]: Leaving directory '/home/workspace/pony_compiler/src/build/CMakeFiles/CMakeTmp'


Source file was:
int main() { return 0; }
Performing C SOURCE FILE Test C_SUPPORTS_FDATA_SECTIONS succeeded with the following output:
Change Dir: /home/workspace/pony_compiler/src/build/CMakeFiles/CMakeTmp

Run Build Command(s):/usr/bin/make cmTC_5b0ba/fast && /usr/bin/make -f CMakeFiles/cmTC_5b0ba.dir/build.make CMakeFiles/cmTC_5b0ba.dir/build
make[1]: Entering directory '/home/workspace/pony_compiler/src/build/CMakeFiles/CMakeTmp'
Building C object CMakeFiles/cmTC_5b0ba.dir/src.c.o
/usr/bin/cc   -fPIC -fno-semantic-interposition -Werror=date-time -Wall -Wextra -Wno-unused-parameter -Wwrite-strings -Wno-missing-field-initializers -Wimplicit-fallthrough -Wno-comment -Wmisleading-indentation -ffunction-sections -DC_SUPPORTS_FDATA_SECTIONS   -Werror -fdata-sections -o CMakeFiles/cmTC_5b0ba.dir/src.c.o   -c /home/workspace/pony_compiler/src/build/CMakeFiles/CMakeTmp/src.c
Linking C executable cmTC_5b0ba
/usr/bin/cmake -E cmake_link_script CMakeFiles/cmTC_5b0ba.dir/link.txt --verbose=1
/usr/bin/cc  -fPIC -fno-semantic-interposition -Werror=date-time -Wall -Wextra -Wno-unused-parameter -Wwrite-strings -Wno-missing-field-initializers -Wimplicit-fallthrough -Wno-comment -Wmisleading-indentation -ffunction-sections -DC_SUPPORTS_FDATA_SECTIONS    CMakeFiles/cmTC_5b0ba.dir/src.c.o  -o cmTC_5b0ba 
make[1]: Leaving directory '/home/workspace/pony_compiler/src/build/CMakeFiles/CMakeTmp'


Source file was:
int main(void) { return 0; }
Performing C++ SOURCE FILE Test CXX_SUPPORTS_FDATA_SECTIONS succeeded with the following output:
Change Dir: /home/workspace/pony_compiler/src/build/CMakeFiles/CMakeTmp

Run Build Command(s):/usr/bin/make cmTC_521d4/fast && /usr/bin/make -f CMakeFiles/cmTC_521d4.dir/build.make CMakeFiles/cmTC_521d4.dir/build
make[1]: Entering directory '/home/workspace/pony_compiler/src/build/CMakeFiles/CMakeTmp'
Building CXX object CMakeFiles/cmTC_521d4.dir/src.cxx.o
/usr/bin/c++    -fPIC -fno-semantic-interposition -fvisibility-inlines-hidden -Werror=date-time -Wall -Wextra -Wno-unused-parameter -Wwrite-strings -Wcast-qual -Wno-missing-field-initializers -Wimplicit-fallthrough -Wno-class-memaccess -Wno-redundant-move -Wno-pessimizing-move -Wno-noexcept-type -Wdelete-non-virtual-dtor -Wsuggest-override -Wno-comment -Wmisleading-indentation -ffunction-sections -DCXX_SUPPORTS_FDATA_SECTIONS   -Werror -fdata-sections -std=gnu++14 -o CMakeFiles/cmTC_521d4.dir/src.cxx.o -c /home/workspace/pony_compiler/src/build/CMakeFiles/CMakeTmp/src.cxx
Linking CXX executable cmTC_521d4
/usr/bin/cmake -E cmake_link_script CMakeFiles/cmTC_521d4.dir/link.txt --verbose=1
/usr/bin/c++   -fPIC -fno-semantic-interposition -fvisibility-inlines-hidden -Werror=date-time -Wall -Wextra -Wno-unused-parameter -Wwrite-strings -Wcast-qual -Wno-missing-field-initializers -Wimplicit-fallthrough -Wno-class-memaccess -Wno-redundant-move -Wno-pessimizing-move -Wno-noexcept-type -Wdelete-non-virtual-dtor -Wsuggest-override -Wno-comment -Wmisleading-indentation -ffunction-sections -DCXX_SUPPORTS_FDATA_SECTIONS    CMakeFiles/cmTC_521d4.dir/src.cxx.o  -o cmTC_521d4 
make[1]: Leaving directory '/home/workspace/pony_compiler/src/build/CMakeFiles/CMakeTmp'


Source file was:
int main() { return 0; }
